<?xml version="1.0" encoding="UTF-8" standalone="yes"?><!DOCTYPE report PUBLIC "-//JACOCO//DTD Report 1.1//EN" "report.dtd"><report name="mybank"><sessioninfo id="AzizVerse-6fa80ace" start="1750337721832" dump="1750337727712"/><sessioninfo id="AzizVerse-f5f85b91" start="1750337936413" dump="1750337942700"/><sessioninfo id="AzizVerse-567d4b9a" start="1750339019765" dump="1750339026856"/><sessioninfo id="AzizVerse-2d05dc11" start="1750339483228" dump="1750339489820"/><sessioninfo id="AzizVerse-10d05d1b" start="1750339565262" dump="1750339572387"/><sessioninfo id="AzizVerse-dcf157df" start="1750339859408" dump="1750339870598"/><sessioninfo id="AzizVerse-29f3d46a" start="1750339979685" dump="1750339991624"/><sessioninfo id="AzizVerse-5a207575" start="1750340609558" dump="1750340617275"/><sessioninfo id="AzizVerse-6eb6e6c2" start="1750341603192" dump="1750341610816"/><sessioninfo id="AzizVerse-7c514d60" start="1750342103482" dump="1750342111098"/><sessioninfo id="AzizVerse-c7c4d0b5" start="1750343886230" dump="1750343894057"/><sessioninfo id="AzizVerse-d7ac5f92" start="1750344124980" dump="1750344131937"/><sessioninfo id="AzizVerse-2d57b52f" start="1750344305037" dump="1750344312116"/><sessioninfo id="AzizVerse-8c93702c" start="1750344430365" dump="1750344438124"/><sessioninfo id="AzizVerse-14c65299" start="1750344472704" dump="1750344479347"/><sessioninfo id="AzizVerse-3291dce" start="1750344728951" dump="1750344736167"/><package name="com/mybank/service"><class name="com/mybank/service/ClientProfileService" sourcefilename="ClientProfileService.java"><method name="&lt;init&gt;" desc="()V" line="12"><counter type="INSTRUCTION" missed="0" covered="3"/><counter type="LINE" missed="0" covered="1"/><counter type="COMPLEXITY" missed="0" covered="1"/><counter type="METHOD" missed="0" covered="1"/></method><method name="save" desc="(Lcom/mybank/model/ClientProfile;)V" line="19"><counter type="INSTRUCTION" missed="0" covered="5"/><counter type="LINE" missed="0" covered="2"/><counter type="COMPLEXITY" missed="0" covered="1"/><counter type="METHOD" missed="0" covered="1"/></method><method name="update" desc="(Lcom/mybank/model/ClientProfile;)V" line="24"><counter type="INSTRUCTION" missed="0" covered="9"/><counter type="LINE" missed="0" covered="3"/><counter type="COMPLEXITY" missed="0" covered="1"/><counter type="METHOD" missed="0" covered="1"/></method><method name="findByFolder" desc="(Lcom/mybank/model/Folder;)Lcom/mybank/model/ClientProfile;" line="31"><counter type="INSTRUCTION" missed="3" covered="15"/><counter type="LINE" missed="2" covered="3"/><counter type="COMPLEXITY" missed="0" covered="1"/><counter type="METHOD" missed="0" covered="1"/></method><method name="findAll" desc="()Ljava/util/List;" line="44"><counter type="INSTRUCTION" missed="0" covered="7"/><counter type="LINE" missed="0" covered="1"/><counter type="COMPLEXITY" missed="0" covered="1"/><counter type="METHOD" missed="0" covered="1"/></method><counter type="INSTRUCTION" missed="3" covered="39"/><counter type="LINE" missed="2" covered="10"/><counter type="COMPLEXITY" missed="0" covered="5"/><counter type="METHOD" missed="0" covered="5"/><counter type="CLASS" missed="0" covered="1"/></class><class name="com/mybank/service/FolderService" sourcefilename="FolderService.java"><method name="&lt;init&gt;" desc="()V" line="17"><counter type="INSTRUCTION" missed="0" covered="3"/><counter type="LINE" missed="0" covered="1"/><counter type="COMPLEXITY" missed="0" covered="1"/><counter type="METHOD" missed="0" covered="1"/></method><method name="createFolder" desc="(Lcom/mybank/model/Folder;)V" line="23"><counter type="INSTRUCTION" missed="0" covered="5"/><counter type="LINE" missed="0" covered="2"/><counter type="COMPLEXITY" missed="0" covered="1"/><counter type="METHOD" missed="0" covered="1"/></method><method name="findByReference" desc="(Ljava/lang/String;)Lcom/mybank/model/Folder;" line="28"><counter type="INSTRUCTION" missed="3" covered="11"/><counter type="LINE" missed="2" covered="3"/><counter type="COMPLEXITY" missed="0" covered="1"/><counter type="METHOD" missed="0" covered="1"/></method><method name="getFoldersByUser" desc="(Lcom/mybank/model/User;)Ljava/util/List;" line="37"><counter type="INSTRUCTION" missed="0" covered="16"/><counter type="LINE" missed="0" covered="4"/><counter type="COMPLEXITY" missed="0" covered="1"/><counter type="METHOD" missed="0" covered="1"/></method><method name="updateFolder" desc="(Lcom/mybank/model/Folder;)V" line="43"><counter type="INSTRUCTION" missed="4" covered="18"/><counter type="BRANCH" missed="1" covered="1"/><counter type="LINE" missed="0" covered="4"/><counter type="COMPLEXITY" missed="1" covered="1"/><counter type="METHOD" missed="0" covered="1"/></method><method name="getFoldersForDirector" desc="(Lcom/mybank/model/User;)Ljava/util/List;" line="50"><counter type="INSTRUCTION" missed="13" covered="0"/><counter type="LINE" missed="4" covered="0"/><counter type="COMPLEXITY" missed="1" covered="0"/><counter type="METHOD" missed="1" covered="0"/></method><method name="findById" desc="(Ljava/lang/Long;)Lcom/mybank/model/Folder;" line="58"><counter type="INSTRUCTION" missed="7" covered="0"/><counter type="LINE" missed="1" covered="0"/><counter type="COMPLEXITY" missed="1" covered="0"/><counter type="METHOD" missed="1" covered="0"/></method><method name="getFoldersAssignedToUser" desc="(Lcom/mybank/model/User;)Ljava/util/List;" line="63"><counter type="INSTRUCTION" missed="10" covered="0"/><counter type="LINE" missed="3" covered="0"/><counter type="COMPLEXITY" missed="1" covered="0"/><counter type="METHOD" missed="1" covered="0"/></method><method name="assignFolderToAnalyst" desc="(Lcom/mybank/model/Folder;Lcom/mybank/model/User;)V" line="71"><counter type="INSTRUCTION" missed="9" covered="0"/><counter type="LINE" missed="3" covered="0"/><counter type="COMPLEXITY" missed="1" covered="0"/><counter type="METHOD" missed="1" covered="0"/></method><method name="getFoldersAssignedToAnalyst" desc="(Lcom/mybank/model/User;)Ljava/util/List;" line="77"><counter type="INSTRUCTION" missed="13" covered="0"/><counter type="LINE" missed="4" covered="0"/><counter type="COMPLEXITY" missed="1" covered="0"/><counter type="METHOD" missed="1" covered="0"/></method><method name="getAllFoldersAssignedToAnalysts" desc="()Ljava/util/List;" line="84"><counter type="INSTRUCTION" missed="16" covered="0"/><counter type="LINE" missed="5" covered="0"/><counter type="COMPLEXITY" missed="1" covered="0"/><counter type="METHOD" missed="1" covered="0"/></method><method name="getAllFoldersAssignedToCICAnalysts" desc="()Ljava/util/List;" line="93"><counter type="INSTRUCTION" missed="16" covered="0"/><counter type="LINE" missed="5" covered="0"/><counter type="COMPLEXITY" missed="1" covered="0"/><counter type="METHOD" missed="1" covered="0"/></method><method name="getAllFolders" desc="()Ljava/util/List;" line="103"><counter type="INSTRUCTION" missed="7" covered="0"/><counter type="LINE" missed="1" covered="0"/><counter type="COMPLEXITY" missed="1" covered="0"/><counter type="METHOD" missed="1" covered="0"/></method><method name="getFolderCountForAnalyst" desc="(Lcom/mybank/model/User;)J" line="107"><counter type="INSTRUCTION" missed="0" covered="15"/><counter type="LINE" missed="0" covered="4"/><counter type="COMPLEXITY" missed="0" covered="1"/><counter type="METHOD" missed="0" covered="1"/></method><method name="getFolderCountForCICAnalyst" desc="(Lcom/mybank/model/User;)J" line="114"><counter type="INSTRUCTION" missed="12" covered="0"/><counter type="LINE" missed="3" covered="0"/><counter type="COMPLEXITY" missed="1" covered="0"/><counter type="METHOD" missed="1" covered="0"/></method><method name="countExternalCICFolders" desc="(Lcom/mybank/model/User;Lcom/mybank/model/Agency;)J" line="119"><counter type="INSTRUCTION" missed="15" covered="0"/><counter type="LINE" missed="4" covered="0"/><counter type="COMPLEXITY" missed="1" covered="0"/><counter type="METHOD" missed="1" covered="0"/></method><method name="getOriginAgencyNamesForCIC" desc="(Lcom/mybank/model/User;Lcom/mybank/model/Agency;)Ljava/util/List;" line="125"><counter type="INSTRUCTION" missed="0" covered="13"/><counter type="LINE" missed="0" covered="4"/><counter type="COMPLEXITY" missed="0" covered="1"/><counter type="METHOD" missed="0" covered="1"/></method><method name="getExternalFoldersForCICAnalyst" desc="(Lcom/mybank/model/User;Lcom/mybank/model/Agency;)Ljava/util/List;" line="131"><counter type="INSTRUCTION" missed="13" covered="0"/><counter type="LINE" missed="4" covered="0"/><counter type="COMPLEXITY" missed="1" covered="0"/><counter type="METHOD" missed="1" covered="0"/></method><method name="countFoldersFromOtherAgencies" desc="(Lcom/mybank/model/User;Lcom/mybank/model/Agency;)J" line="140"><counter type="INSTRUCTION" missed="18" covered="0"/><counter type="LINE" missed="5" covered="0"/><counter type="COMPLEXITY" missed="1" covered="0"/><counter type="METHOD" missed="1" covered="0"/></method><method name="getOriginAgencyNamesForExternalFolders" desc="(Lcom/mybank/model/User;Lcom/mybank/model/Agency;)Ljava/util/List;" line="148"><counter type="INSTRUCTION" missed="16" covered="0"/><counter type="LINE" missed="5" covered="0"/><counter type="COMPLEXITY" missed="1" covered="0"/><counter type="METHOD" missed="1" covered="0"/></method><method name="getExternalFoldersForAnalyst" desc="(Lcom/mybank/model/User;Lcom/mybank/model/Agency;)Ljava/util/List;" line="157"><counter type="INSTRUCTION" missed="16" covered="0"/><counter type="LINE" missed="5" covered="0"/><counter type="COMPLEXITY" missed="1" covered="0"/><counter type="METHOD" missed="1" covered="0"/></method><method name="getFoldersAssignedToSuccursale" desc="(Lcom/mybank/model/User;)Ljava/util/List;" line="167"><counter type="INSTRUCTION" missed="13" covered="0"/><counter type="LINE" missed="4" covered="0"/><counter type="COMPLEXITY" missed="1" covered="0"/><counter type="METHOD" missed="1" covered="0"/></method><method name="getFoldersAssignedToCICAnalyst" desc="(Lcom/mybank/model/User;)Ljava/util/List;" line="177"><counter type="INSTRUCTION" missed="13" covered="0"/><counter type="LINE" missed="4" covered="0"/><counter type="COMPLEXITY" missed="1" covered="0"/><counter type="METHOD" missed="1" covered="0"/></method><counter type="INSTRUCTION" missed="214" covered="81"/><counter type="BRANCH" missed="1" covered="1"/><counter type="LINE" missed="62" covered="22"/><counter type="COMPLEXITY" missed="17" covered="7"/><counter type="METHOD" missed="16" covered="7"/><counter type="CLASS" missed="0" covered="1"/></class><class name="com/mybank/service/DemandeCreditService" sourcefilename="DemandeCreditService.java"><method name="&lt;init&gt;" desc="()V" line="11"><counter type="INSTRUCTION" missed="0" covered="3"/><counter type="LINE" missed="0" covered="1"/><counter type="COMPLEXITY" missed="0" covered="1"/><counter type="METHOD" missed="0" covered="1"/></method><method name="save" desc="(Lcom/mybank/model/DemandeCredit;)V" line="17"><counter type="INSTRUCTION" missed="0" covered="5"/><counter type="LINE" missed="0" covered="2"/><counter type="COMPLEXITY" missed="0" covered="1"/><counter type="METHOD" missed="0" covered="1"/></method><method name="findByFolder" desc="(Lcom/mybank/model/Folder;)Lcom/mybank/model/DemandeCredit;" line="22"><counter type="INSTRUCTION" missed="3" covered="11"/><counter type="LINE" missed="2" covered="3"/><counter type="COMPLEXITY" missed="0" covered="1"/><counter type="METHOD" missed="0" covered="1"/></method><method name="update" desc="(Lcom/mybank/model/DemandeCredit;)V" line="31"><counter type="INSTRUCTION" missed="0" covered="6"/><counter type="LINE" missed="0" covered="2"/><counter type="COMPLEXITY" missed="0" covered="1"/><counter type="METHOD" missed="0" covered="1"/></method><method name="reloadFolder" desc="(Lcom/mybank/model/Folder;)Lcom/mybank/model/Folder;" line="36"><counter type="INSTRUCTION" missed="0" covered="8"/><counter type="LINE" missed="0" covered="1"/><counter type="COMPLEXITY" missed="0" covered="1"/><counter type="METHOD" missed="0" covered="1"/></method><counter type="INSTRUCTION" missed="3" covered="33"/><counter type="LINE" missed="2" covered="9"/><counter type="COMPLEXITY" missed="0" covered="5"/><counter type="METHOD" missed="0" covered="5"/><counter type="CLASS" missed="0" covered="1"/></class><class name="com/mybank/service/AgencyService" sourcefilename="AgencyService.java"><method name="&lt;init&gt;" desc="()V" line="12"><counter type="INSTRUCTION" missed="0" covered="3"/><counter type="LINE" missed="0" covered="1"/><counter type="COMPLEXITY" missed="0" covered="1"/><counter type="METHOD" missed="0" covered="1"/></method><method name="createAgency" desc="(Lcom/mybank/model/Agency;)V" line="18"><counter type="INSTRUCTION" missed="0" covered="5"/><counter type="LINE" missed="0" covered="2"/><counter type="COMPLEXITY" missed="0" covered="1"/><counter type="METHOD" missed="0" covered="1"/></method><method name="findByCode" desc="(Ljava/lang/String;)Lcom/mybank/model/Agency;" line="23"><counter type="INSTRUCTION" missed="3" covered="11"/><counter type="LINE" missed="2" covered="3"/><counter type="COMPLEXITY" missed="0" covered="1"/><counter type="METHOD" missed="0" covered="1"/></method><method name="findById" desc="(Ljava/lang/Long;)Lcom/mybank/model/Agency;" line="32"><counter type="INSTRUCTION" missed="7" covered="0"/><counter type="LINE" missed="1" covered="0"/><counter type="COMPLEXITY" missed="1" covered="0"/><counter type="METHOD" missed="1" covered="0"/></method><method name="findAllAgencies" desc="()Ljava/util/List;" line="36"><counter type="INSTRUCTION" missed="0" covered="7"/><counter type="LINE" missed="0" covered="1"/><counter type="COMPLEXITY" missed="0" covered="1"/><counter type="METHOD" missed="0" covered="1"/></method><method name="updateAgency" desc="(Lcom/mybank/model/Agency;)V" line="40"><counter type="INSTRUCTION" missed="6" covered="0"/><counter type="LINE" missed="2" covered="0"/><counter type="COMPLEXITY" missed="1" covered="0"/><counter type="METHOD" missed="1" covered="0"/></method><method name="findAgenciesByResponsableSuccursale" desc="(Lcom/mybank/model/User;)Ljava/util/List;" line="43"><counter type="INSTRUCTION" missed="10" covered="0"/><counter type="LINE" missed="3" covered="0"/><counter type="COMPLEXITY" missed="1" covered="0"/><counter type="METHOD" missed="1" covered="0"/></method><counter type="INSTRUCTION" missed="26" covered="26"/><counter type="LINE" missed="8" covered="7"/><counter type="COMPLEXITY" missed="3" covered="4"/><counter type="METHOD" missed="3" covered="4"/><counter type="CLASS" missed="0" covered="1"/></class><class name="com/mybank/service/LoanApprovalPredictionService" sourcefilename="LoanApprovalPredictionService.java"><method name="&lt;init&gt;" desc="()V" line="17"><counter type="INSTRUCTION" missed="0" covered="3"/><counter type="LINE" missed="0" covered="1"/><counter type="COMPLEXITY" missed="0" covered="1"/><counter type="METHOD" missed="0" covered="1"/></method><method name="predictLoanApproval" desc="(IILjava/lang/String;DILjava/lang/String;Ljava/lang/String;DDIIIDDDD)Lcom/mybank/service/LoanApprovalPredictionService$PredictionResult;" line="37"><counter type="INSTRUCTION" missed="33" covered="152"/><counter type="BRANCH" missed="2" covered="0"/><counter type="LINE" missed="10" covered="22"/><counter type="COMPLEXITY" missed="1" covered="1"/><counter type="METHOD" missed="0" covered="1"/></method><counter type="INSTRUCTION" missed="33" covered="155"/><counter type="BRANCH" missed="2" covered="0"/><counter type="LINE" missed="10" covered="23"/><counter type="COMPLEXITY" missed="1" covered="2"/><counter type="METHOD" missed="0" covered="2"/><counter type="CLASS" missed="0" covered="1"/></class><class name="com/mybank/service/AlertService" sourcefilename="AlertService.java"><method name="&lt;init&gt;" desc="()V" line="12"><counter type="INSTRUCTION" missed="0" covered="3"/><counter type="LINE" missed="0" covered="1"/><counter type="COMPLEXITY" missed="0" covered="1"/><counter type="METHOD" missed="0" covered="1"/></method><method name="createAlert" desc="(Lcom/mybank/model/Alert;)V" line="18"><counter type="INSTRUCTION" missed="0" covered="5"/><counter type="LINE" missed="0" covered="2"/><counter type="COMPLEXITY" missed="0" covered="1"/><counter type="METHOD" missed="0" covered="1"/></method><method name="getUnreadAlertsForUser" desc="(Lcom/mybank/model/User;)Ljava/util/List;" line="22"><counter type="INSTRUCTION" missed="0" covered="10"/><counter type="LINE" missed="0" covered="3"/><counter type="COMPLEXITY" missed="0" covered="1"/><counter type="METHOD" missed="0" covered="1"/></method><method name="markAllAsRead" desc="(Lcom/mybank/model/User;)V" line="28"><counter type="INSTRUCTION" missed="0" covered="10"/><counter type="LINE" missed="0" covered="4"/><counter type="COMPLEXITY" missed="0" covered="1"/><counter type="METHOD" missed="0" covered="1"/></method><method name="getAllAlertsForUser" desc="(Lcom/mybank/model/User;)Ljava/util/List;" line="34"><counter type="INSTRUCTION" missed="0" covered="10"/><counter type="LINE" missed="0" covered="3"/><counter type="COMPLEXITY" missed="0" covered="1"/><counter type="METHOD" missed="0" covered="1"/></method><counter type="INSTRUCTION" missed="0" covered="38"/><counter type="LINE" missed="0" covered="13"/><counter type="COMPLEXITY" missed="0" covered="5"/><counter type="METHOD" missed="0" covered="5"/><counter type="CLASS" missed="0" covered="1"/></class><class name="com/mybank/service/UserService" sourcefilename="UserService.java"><method name="&lt;init&gt;" desc="()V" line="19"><counter type="INSTRUCTION" missed="0" covered="3"/><counter type="LINE" missed="0" covered="1"/><counter type="COMPLEXITY" missed="0" covered="1"/><counter type="METHOD" missed="0" covered="1"/></method><method name="authenticate" desc="(Ljava/lang/String;Ljava/lang/String;)Ljava/lang/String;" line="26"><counter type="INSTRUCTION" missed="3" covered="27"/><counter type="BRANCH" missed="1" covered="3"/><counter type="LINE" missed="2" covered="7"/><counter type="COMPLEXITY" missed="1" covered="2"/><counter type="METHOD" missed="0" covered="1"/></method><method name="getUserByUsername" desc="(Ljava/lang/String;)Lcom/mybank/model/User;" line="41"><counter type="INSTRUCTION" missed="14" covered="0"/><counter type="LINE" missed="5" covered="0"/><counter type="COMPLEXITY" missed="1" covered="0"/><counter type="METHOD" missed="1" covered="0"/></method><method name="getUserByMatricule" desc="(Ljava/lang/String;)Lcom/mybank/model/User;" line="51"><counter type="INSTRUCTION" missed="14" covered="0"/><counter type="LINE" missed="5" covered="0"/><counter type="COMPLEXITY" missed="1" covered="0"/><counter type="METHOD" missed="1" covered="0"/></method><method name="createUser" desc="(Lcom/mybank/model/User;)V" line="61"><counter type="INSTRUCTION" missed="5" covered="0"/><counter type="LINE" missed="2" covered="0"/><counter type="COMPLEXITY" missed="1" covered="0"/><counter type="METHOD" missed="1" covered="0"/></method><method name="getUsersByRole" desc="(Ljava/lang/String;)Ljava/util/List;" line="66"><counter type="INSTRUCTION" missed="14" covered="0"/><counter type="LINE" missed="5" covered="0"/><counter type="COMPLEXITY" missed="1" covered="0"/><counter type="METHOD" missed="1" covered="0"/></method><method name="getUserById" desc="(Ljava/lang/Long;)Lcom/mybank/model/User;" line="75"><counter type="INSTRUCTION" missed="7" covered="0"/><counter type="LINE" missed="1" covered="0"/><counter type="COMPLEXITY" missed="1" covered="0"/><counter type="METHOD" missed="1" covered="0"/></method><method name="assignUserToAgency" desc="(Lcom/mybank/model/User;Lcom/mybank/model/Agency;)V" line="79"><counter type="INSTRUCTION" missed="9" covered="0"/><counter type="LINE" missed="3" covered="0"/><counter type="COMPLEXITY" missed="1" covered="0"/><counter type="METHOD" missed="1" covered="0"/></method><method name="getAllUsers" desc="()Ljava/util/List;" line="84"><counter type="INSTRUCTION" missed="7" covered="0"/><counter type="LINE" missed="1" covered="0"/><counter type="COMPLEXITY" missed="1" covered="0"/><counter type="METHOD" missed="1" covered="0"/></method><method name="hashPassword" desc="(Ljava/lang/String;)Ljava/lang/String;" line="89"><counter type="INSTRUCTION" missed="7" covered="43"/><counter type="BRANCH" missed="0" covered="2"/><counter type="LINE" missed="2" covered="6"/><counter type="COMPLEXITY" missed="0" covered="2"/><counter type="METHOD" missed="0" covered="1"/></method><method name="findById" desc="(Ljava/lang/Long;)Lcom/mybank/model/User;" line="102"><counter type="INSTRUCTION" missed="7" covered="0"/><counter type="LINE" missed="1" covered="0"/><counter type="COMPLEXITY" missed="1" covered="0"/><counter type="METHOD" missed="1" covered="0"/></method><method name="findUsersByRole" desc="(Ljava/lang/String;)Ljava/util/List;" line="107"><counter type="INSTRUCTION" missed="16" covered="0"/><counter type="LINE" missed="6" covered="0"/><counter type="COMPLEXITY" missed="1" covered="0"/><counter type="METHOD" missed="1" covered="0"/></method><method name="getUsersByRoleAndDepartment" desc="(Lcom/mybank/model/Role;Lcom/mybank/model/Department;)Ljava/util/List;" line="117"><counter type="INSTRUCTION" missed="13" covered="0"/><counter type="LINE" missed="4" covered="0"/><counter type="COMPLEXITY" missed="1" covered="0"/><counter type="METHOD" missed="1" covered="0"/></method><method name="getGlobalResponsibleAnalyst" desc="()Lcom/mybank/model/User;" line="124"><counter type="INSTRUCTION" missed="16" covered="0"/><counter type="LINE" missed="5" covered="0"/><counter type="COMPLEXITY" missed="1" covered="0"/><counter type="METHOD" missed="1" covered="0"/></method><method name="getGlobalDirectorENG" desc="()Lcom/mybank/model/User;" line="133"><counter type="INSTRUCTION" missed="16" covered="0"/><counter type="LINE" missed="5" covered="0"/><counter type="COMPLEXITY" missed="1" covered="0"/><counter type="METHOD" missed="1" covered="0"/></method><method name="getGlobalDirectorCIC" desc="()Lcom/mybank/model/User;" line="142"><counter type="INSTRUCTION" missed="16" covered="0"/><counter type="LINE" missed="5" covered="0"/><counter type="COMPLEXITY" missed="1" covered="0"/><counter type="METHOD" missed="1" covered="0"/></method><counter type="INSTRUCTION" missed="164" covered="73"/><counter type="BRANCH" missed="1" covered="5"/><counter type="LINE" missed="52" covered="14"/><counter type="COMPLEXITY" missed="14" covered="5"/><counter type="METHOD" missed="13" covered="3"/><counter type="CLASS" missed="0" covered="1"/></class><class name="com/mybank/service/LoanApprovalPredictionService$PredictionResult" sourcefilename="LoanApprovalPredictionService.java"><method name="&lt;init&gt;" desc="(ZDD)V" line="112"><counter type="INSTRUCTION" missed="0" covered="12"/><counter type="LINE" missed="0" covered="5"/><counter type="COMPLEXITY" missed="0" covered="1"/><counter type="METHOD" missed="0" covered="1"/></method><method name="isLoanApproved" desc="()Z" line="119"><counter type="INSTRUCTION" missed="0" covered="3"/><counter type="LINE" missed="0" covered="1"/><counter type="COMPLEXITY" missed="0" covered="1"/><counter type="METHOD" missed="0" covered="1"/></method><method name="getApprovalProbability" desc="()D" line="123"><counter type="INSTRUCTION" missed="0" covered="3"/><counter type="LINE" missed="0" covered="1"/><counter type="COMPLEXITY" missed="0" covered="1"/><counter type="METHOD" missed="0" covered="1"/></method><method name="getRiskScore" desc="()D" line="127"><counter type="INSTRUCTION" missed="0" covered="3"/><counter type="LINE" missed="0" covered="1"/><counter type="COMPLEXITY" missed="0" covered="1"/><counter type="METHOD" missed="0" covered="1"/></method><counter type="INSTRUCTION" missed="0" covered="21"/><counter type="LINE" missed="0" covered="8"/><counter type="COMPLEXITY" missed="0" covered="4"/><counter type="METHOD" missed="0" covered="4"/><counter type="CLASS" missed="0" covered="1"/></class><class name="com/mybank/service/AgencyDocumentService" sourcefilename="AgencyDocumentService.java"><method name="&lt;init&gt;" desc="()V" line="12"><counter type="INSTRUCTION" missed="0" covered="3"/><counter type="LINE" missed="0" covered="1"/><counter type="COMPLEXITY" missed="0" covered="1"/><counter type="METHOD" missed="0" covered="1"/></method><method name="save" desc="(Lcom/mybank/model/AgencyDocument;)V" line="18"><counter type="INSTRUCTION" missed="0" covered="5"/><counter type="LINE" missed="0" covered="2"/><counter type="COMPLEXITY" missed="0" covered="1"/><counter type="METHOD" missed="0" covered="1"/></method><method name="findByFolder" desc="(Lcom/mybank/model/Folder;)Ljava/util/List;" line="22"><counter type="INSTRUCTION" missed="0" covered="10"/><counter type="LINE" missed="0" covered="3"/><counter type="COMPLEXITY" missed="0" covered="1"/><counter type="METHOD" missed="0" covered="1"/></method><method name="findById" desc="(Ljava/lang/Long;)Lcom/mybank/model/AgencyDocument;" line="28"><counter type="INSTRUCTION" missed="0" covered="7"/><counter type="LINE" missed="0" covered="1"/><counter type="COMPLEXITY" missed="0" covered="1"/><counter type="METHOD" missed="0" covered="1"/></method><method name="delete" desc="(Lcom/mybank/model/AgencyDocument;)V" line="32"><counter type="INSTRUCTION" missed="0" covered="16"/><counter type="BRANCH" missed="0" covered="2"/><counter type="LINE" missed="0" covered="4"/><counter type="COMPLEXITY" missed="0" covered="2"/><counter type="METHOD" missed="0" covered="1"/></method><counter type="INSTRUCTION" missed="0" covered="41"/><counter type="BRANCH" missed="0" covered="2"/><counter type="LINE" missed="0" covered="11"/><counter type="COMPLEXITY" missed="0" covered="6"/><counter type="METHOD" missed="0" covered="5"/><counter type="CLASS" missed="0" covered="1"/></class><class name="com/mybank/service/FolderActionService" sourcefilename="FolderActionService.java"><method name="&lt;init&gt;" desc="()V" line="13"><counter type="INSTRUCTION" missed="0" covered="3"/><counter type="LINE" missed="0" covered="1"/><counter type="COMPLEXITY" missed="0" covered="1"/><counter type="METHOD" missed="0" covered="1"/></method><method name="saveAction" desc="(Lcom/mybank/model/FolderAction;)V" line="19"><counter type="INSTRUCTION" missed="0" covered="5"/><counter type="LINE" missed="0" covered="2"/><counter type="COMPLEXITY" missed="0" covered="1"/><counter type="METHOD" missed="0" covered="1"/></method><method name="getActionsByFolder" desc="(Lcom/mybank/model/Folder;)Ljava/util/List;" line="22"><counter type="INSTRUCTION" missed="0" covered="22"/><counter type="LINE" missed="0" covered="4"/><counter type="COMPLEXITY" missed="0" covered="1"/><counter type="METHOD" missed="0" covered="1"/></method><counter type="INSTRUCTION" missed="0" covered="30"/><counter type="LINE" missed="0" covered="7"/><counter type="COMPLEXITY" missed="0" covered="3"/><counter type="METHOD" missed="0" covered="3"/><counter type="CLASS" missed="0" covered="1"/></class><sourcefile name="AgencyDocumentService.java"><line nr="12" mi="0" ci="3" mb="0" cb="0"/><line nr="18" mi="0" ci="4" mb="0" cb="0"/><line nr="19" mi="0" ci="1" mb="0" cb="0"/><line nr="22" mi="0" ci="8" mb="0" cb="0"/><line nr="23" mi="0" ci="1" mb="0" cb="0"/><line nr="24" mi="0" ci="1" mb="0" cb="0"/><line nr="28" mi="0" ci="7" mb="0" cb="0"/><line nr="32" mi="0" ci="5" mb="0" cb="2"/><line nr="33" mi="0" ci="6" mb="0" cb="0"/><line nr="35" mi="0" ci="4" mb="0" cb="0"/><line nr="36" mi="0" ci="1" mb="0" cb="0"/><counter type="INSTRUCTION" missed="0" covered="41"/><counter type="BRANCH" missed="0" covered="2"/><counter type="LINE" missed="0" covered="11"/><counter type="COMPLEXITY" missed="0" covered="6"/><counter type="METHOD" missed="0" covered="5"/><counter type="CLASS" missed="0" covered="1"/></sourcefile><sourcefile name="DemandeCreditService.java"><line nr="11" mi="0" ci="3" mb="0" cb="0"/><line nr="17" mi="0" ci="4" mb="0" cb="0"/><line nr="18" mi="0" ci="1" mb="0" cb="0"/><line nr="22" mi="0" ci="8" mb="0" cb="0"/><line nr="24" mi="0" ci="1" mb="0" cb="0"/><line nr="25" mi="0" ci="2" mb="0" cb="0"/><line nr="26" mi="1" ci="0" mb="0" cb="0"/><line nr="27" mi="2" ci="0" mb="0" cb="0"/><line nr="31" mi="0" ci="5" mb="0" cb="0"/><line nr="32" mi="0" ci="1" mb="0" cb="0"/><line nr="36" mi="0" ci="8" mb="0" cb="0"/><counter type="INSTRUCTION" missed="3" covered="33"/><counter type="LINE" missed="2" covered="9"/><counter type="COMPLEXITY" missed="0" covered="5"/><counter type="METHOD" missed="0" covered="5"/><counter type="CLASS" missed="0" covered="1"/></sourcefile><sourcefile name="AlertService.java"><line nr="12" mi="0" ci="3" mb="0" cb="0"/><line nr="18" mi="0" ci="4" mb="0" cb="0"/><line nr="19" mi="0" ci="1" mb="0" cb="0"/><line nr="22" mi="0" ci="8" mb="0" cb="0"/><line nr="23" mi="0" ci="1" mb="0" cb="0"/><line nr="24" mi="0" ci="1" mb="0" cb="0"/><line nr="28" mi="0" ci="6" mb="0" cb="0"/><line nr="29" mi="0" ci="1" mb="0" cb="0"/><line nr="30" mi="0" ci="2" mb="0" cb="0"/><line nr="31" mi="0" ci="1" mb="0" cb="0"/><line nr="34" mi="0" ci="8" mb="0" cb="0"/><line nr="35" mi="0" ci="1" mb="0" cb="0"/><line nr="36" mi="0" ci="1" mb="0" cb="0"/><counter type="INSTRUCTION" missed="0" covered="38"/><counter type="LINE" missed="0" covered="13"/><counter type="COMPLEXITY" missed="0" covered="5"/><counter type="METHOD" missed="0" covered="5"/><counter type="CLASS" missed="0" covered="1"/></sourcefile><sourcefile name="LoanApprovalPredictionService.java"><line nr="17" mi="0" ci="3" mb="0" cb="0"/><line nr="37" mi="0" ci="2" mb="0" cb="0"/><line nr="39" mi="0" ci="5" mb="0" cb="0"/><line nr="40" mi="0" ci="4" mb="0" cb="0"/><line nr="41" mi="0" ci="3" mb="0" cb="0"/><line nr="42" mi="0" ci="4" mb="0" cb="0"/><line nr="43" mi="0" ci="4" mb="0" cb="0"/><line nr="44" mi="0" ci="3" mb="0" cb="0"/><line nr="47" mi="0" ci="8" mb="0" cb="0"/><line nr="66" mi="0" ci="32" mb="0" cb="0"/><line nr="67" mi="0" ci="10" mb="0" cb="0"/><line nr="68" mi="0" ci="15" mb="0" cb="0"/><line nr="69" mi="0" ci="17" mb="0" cb="0"/><line nr="73" mi="0" ci="3" mb="0" cb="0"/><line nr="74" mi="0" ci="4" mb="0" cb="0"/><line nr="75" mi="0" ci="6" mb="0" cb="0"/><line nr="79" mi="0" ci="3" mb="0" cb="0"/><line nr="80" mi="0" ci="3" mb="0" cb="0"/><line nr="81" mi="0" ci="3" mb="0" cb="0"/><line nr="83" mi="0" ci="4" mb="0" cb="0"/><line nr="84" mi="0" ci="5" mb="0" cb="0"/><line nr="85" mi="0" ci="5" mb="0" cb="0"/><line nr="87" mi="0" ci="9" mb="0" cb="0"/><line nr="90" mi="1" ci="0" mb="0" cb="0"/><line nr="91" mi="2" ci="0" mb="0" cb="0"/><line nr="93" mi="3" ci="0" mb="0" cb="0"/><line nr="94" mi="2" ci="0" mb="2" cb="0"/><line nr="95" mi="7" ci="0" mb="0" cb="0"/><line nr="96" mi="4" ci="0" mb="0" cb="0"/><line nr="98" mi="1" ci="0" mb="0" cb="0"/><line nr="99" mi="5" ci="0" mb="0" cb="0"/><line nr="100" mi="1" ci="0" mb="0" cb="0"/><line nr="102" mi="7" ci="0" mb="0" cb="0"/><line nr="112" mi="0" ci="2" mb="0" cb="0"/><line nr="113" mi="0" ci="3" mb="0" cb="0"/><line nr="114" mi="0" ci="3" mb="0" cb="0"/><line nr="115" mi="0" ci="3" mb="0" cb="0"/><line nr="116" mi="0" ci="1" mb="0" cb="0"/><line nr="119" mi="0" ci="3" mb="0" cb="0"/><line nr="123" mi="0" ci="3" mb="0" cb="0"/><line nr="127" mi="0" ci="3" mb="0" cb="0"/><counter type="INSTRUCTION" missed="33" covered="176"/><counter type="BRANCH" missed="2" covered="0"/><counter type="LINE" missed="10" covered="31"/><counter type="COMPLEXITY" missed="1" covered="6"/><counter type="METHOD" missed="0" covered="6"/><counter type="CLASS" missed="0" covered="2"/></sourcefile><sourcefile name="UserService.java"><line nr="19" mi="0" ci="3" mb="0" cb="0"/><line nr="26" mi="0" ci="7" mb="0" cb="0"/><line nr="27" mi="0" ci="1" mb="0" cb="0"/><line nr="28" mi="0" ci="3" mb="0" cb="0"/><line nr="30" mi="0" ci="9" mb="1" cb="3"/><line nr="31" mi="0" ci="4" mb="0" cb="0"/><line nr="33" mi="1" ci="0" mb="0" cb="0"/><line nr="34" mi="2" ci="0" mb="0" cb="0"/><line nr="35" mi="0" ci="1" mb="0" cb="0"/><line nr="36" mi="0" ci="2" mb="0" cb="0"/><line nr="41" mi="8" ci="0" mb="0" cb="0"/><line nr="42" mi="1" ci="0" mb="0" cb="0"/><line nr="43" mi="2" ci="0" mb="0" cb="0"/><line nr="44" mi="1" ci="0" mb="0" cb="0"/><line nr="45" mi="2" ci="0" mb="0" cb="0"/><line nr="51" mi="8" ci="0" mb="0" cb="0"/><line nr="52" mi="1" ci="0" mb="0" cb="0"/><line nr="53" mi="2" ci="0" mb="0" cb="0"/><line nr="54" mi="1" ci="0" mb="0" cb="0"/><line nr="55" mi="2" ci="0" mb="0" cb="0"/><line nr="61" mi="4" ci="0" mb="0" cb="0"/><line nr="62" mi="1" ci="0" mb="0" cb="0"/><line nr="66" mi="8" ci="0" mb="0" cb="0"/><line nr="67" mi="2" ci="0" mb="0" cb="0"/><line nr="68" mi="1" ci="0" mb="0" cb="0"/><line nr="69" mi="1" ci="0" mb="0" cb="0"/><line nr="70" mi="2" ci="0" mb="0" cb="0"/><line nr="75" mi="7" ci="0" mb="0" cb="0"/><line nr="79" mi="3" ci="0" mb="0" cb="0"/><line nr="80" mi="5" ci="0" mb="0" cb="0"/><line nr="81" mi="1" ci="0" mb="0" cb="0"/><line nr="84" mi="7" ci="0" mb="0" cb="0"/><line nr="89" mi="0" ci="3" mb="0" cb="0"/><line nr="90" mi="0" ci="5" mb="0" cb="0"/><line nr="91" mi="0" ci="4" mb="0" cb="0"/><line nr="92" mi="0" ci="16" mb="0" cb="2"/><line nr="93" mi="0" ci="12" mb="0" cb="0"/><line nr="95" mi="0" ci="3" mb="0" cb="0"/><line nr="96" mi="1" ci="0" mb="0" cb="0"/><line nr="97" mi="6" ci="0" mb="0" cb="0"/><line nr="102" mi="7" ci="0" mb="0" cb="0"/><line nr="107" mi="3" ci="0" mb="0" cb="0"/><line nr="108" mi="8" ci="0" mb="0" cb="0"/><line nr="109" mi="1" ci="0" mb="0" cb="0"/><line nr="110" mi="1" ci="0" mb="0" cb="0"/><line nr="111" mi="1" ci="0" mb="0" cb="0"/><line nr="112" mi="2" ci="0" mb="0" cb="0"/><line nr="117" mi="8" ci="0" mb="0" cb="0"/><line nr="119" mi="3" ci="0" mb="0" cb="0"/><line nr="120" mi="1" ci="0" mb="0" cb="0"/><line nr="121" mi="1" ci="0" mb="0" cb="0"/><line nr="124" mi="8" ci="0" mb="0" cb="0"/><line nr="126" mi="3" ci="0" mb="0" cb="0"/><line nr="127" mi="2" ci="0" mb="0" cb="0"/><line nr="128" mi="1" ci="0" mb="0" cb="0"/><line nr="129" mi="2" ci="0" mb="0" cb="0"/><line nr="133" mi="8" ci="0" mb="0" cb="0"/><line nr="135" mi="3" ci="0" mb="0" cb="0"/><line nr="136" mi="2" ci="0" mb="0" cb="0"/><line nr="137" mi="1" ci="0" mb="0" cb="0"/><line nr="138" mi="2" ci="0" mb="0" cb="0"/><line nr="142" mi="8" ci="0" mb="0" cb="0"/><line nr="144" mi="3" ci="0" mb="0" cb="0"/><line nr="145" mi="2" ci="0" mb="0" cb="0"/><line nr="146" mi="1" ci="0" mb="0" cb="0"/><line nr="147" mi="2" ci="0" mb="0" cb="0"/><counter type="INSTRUCTION" missed="164" covered="73"/><counter type="BRANCH" missed="1" covered="5"/><counter type="LINE" missed="52" covered="14"/><counter type="COMPLEXITY" missed="14" covered="5"/><counter type="METHOD" missed="13" covered="3"/><counter type="CLASS" missed="0" covered="1"/></sourcefile><sourcefile name="AgencyService.java"><line nr="12" mi="0" ci="3" mb="0" cb="0"/><line nr="18" mi="0" ci="4" mb="0" cb="0"/><line nr="19" mi="0" ci="1" mb="0" cb="0"/><line nr="23" mi="0" ci="8" mb="0" cb="0"/><line nr="24" mi="0" ci="1" mb="0" cb="0"/><line nr="25" mi="0" ci="2" mb="0" cb="0"/><line nr="26" mi="1" ci="0" mb="0" cb="0"/><line nr="27" mi="2" ci="0" mb="0" cb="0"/><line nr="32" mi="7" ci="0" mb="0" cb="0"/><line nr="36" mi="0" ci="7" mb="0" cb="0"/><line nr="40" mi="5" ci="0" mb="0" cb="0"/><line nr="41" mi="1" ci="0" mb="0" cb="0"/><line nr="43" mi="8" ci="0" mb="0" cb="0"/><line nr="44" mi="1" ci="0" mb="0" cb="0"/><line nr="45" mi="1" ci="0" mb="0" cb="0"/><counter type="INSTRUCTION" missed="26" covered="26"/><counter type="LINE" missed="8" covered="7"/><counter type="COMPLEXITY" missed="3" covered="4"/><counter type="METHOD" missed="3" covered="4"/><counter type="CLASS" missed="0" covered="1"/></sourcefile><sourcefile name="ClientProfileService.java"><line nr="12" mi="0" ci="3" mb="0" cb="0"/><line nr="19" mi="0" ci="4" mb="0" cb="0"/><line nr="20" mi="0" ci="1" mb="0" cb="0"/><line nr="24" mi="0" ci="5" mb="0" cb="0"/><line nr="25" mi="0" ci="3" mb="0" cb="0"/><line nr="26" mi="0" ci="1" mb="0" cb="0"/><line nr="31" mi="0" ci="6" mb="0" cb="0"/><line nr="35" mi="0" ci="5" mb="0" cb="0"/><line nr="36" mi="0" ci="4" mb="0" cb="0"/><line nr="37" mi="1" ci="0" mb="0" cb="0"/><line nr="38" mi="2" ci="0" mb="0" cb="0"/><line nr="44" mi="0" ci="7" mb="0" cb="0"/><counter type="INSTRUCTION" missed="3" covered="39"/><counter type="LINE" missed="2" covered="10"/><counter type="COMPLEXITY" missed="0" covered="5"/><counter type="METHOD" missed="0" covered="5"/><counter type="CLASS" missed="0" covered="1"/></sourcefile><sourcefile name="FolderActionService.java"><line nr="13" mi="0" ci="3" mb="0" cb="0"/><line nr="19" mi="0" ci="4" mb="0" cb="0"/><line nr="20" mi="0" ci="1" mb="0" cb="0"/><line nr="22" mi="0" ci="8" mb="0" cb="0"/><line nr="23" mi="0" ci="6" mb="0" cb="0"/><line nr="27" mi="0" ci="5" mb="0" cb="0"/><line nr="28" mi="0" ci="3" mb="0" cb="0"/><counter type="INSTRUCTION" missed="0" covered="30"/><counter type="LINE" missed="0" covered="7"/><counter type="COMPLEXITY" missed="0" covered="3"/><counter type="METHOD" missed="0" covered="3"/><counter type="CLASS" missed="0" covered="1"/></sourcefile><sourcefile name="FolderService.java"><line nr="17" mi="0" ci="3" mb="0" cb="0"/><line nr="23" mi="0" ci="4" mb="0" cb="0"/><line nr="24" mi="0" ci="1" mb="0" cb="0"/><line nr="28" mi="0" ci="8" mb="0" cb="0"/><line nr="29" mi="0" ci="1" mb="0" cb="0"/><line nr="30" mi="0" ci="2" mb="0" cb="0"/><line nr="31" mi="1" ci="0" mb="0" cb="0"/><line nr="32" mi="2" ci="0" mb="0" cb="0"/><line nr="37" mi="0" ci="5" mb="0" cb="0"/><line nr="38" mi="0" ci="8" mb="0" cb="0"/><line nr="39" mi="0" ci="2" mb="0" cb="0"/><line nr="40" mi="0" ci="1" mb="0" cb="0"/><line nr="43" mi="0" ci="5" mb="0" cb="0"/><line nr="44" mi="4" ci="7" mb="1" cb="1"/><line nr="46" mi="0" ci="5" mb="0" cb="0"/><line nr="47" mi="0" ci="1" mb="0" cb="0"/><line nr="50" mi="8" ci="0" mb="0" cb="0"/><line nr="52" mi="3" ci="0" mb="0" cb="0"/><line nr="53" mi="1" ci="0" mb="0" cb="0"/><line nr="54" mi="1" ci="0" mb="0" cb="0"/><line nr="58" mi="7" ci="0" mb="0" cb="0"/><line nr="63" mi="8" ci="0" mb="0" cb="0"/><line nr="65" mi="1" ci="0" mb="0" cb="0"/><line nr="66" mi="1" ci="0" mb="0" cb="0"/><line nr="71" mi="3" ci="0" mb="0" cb="0"/><line nr="72" mi="5" ci="0" mb="0" cb="0"/><line nr="73" mi="1" ci="0" mb="0" cb="0"/><line nr="77" mi="8" ci="0" mb="0" cb="0"/><line nr="78" mi="3" ci="0" mb="0" cb="0"/><line nr="79" mi="1" ci="0" mb="0" cb="0"/><line nr="80" mi="1" ci="0" mb="0" cb="0"/><line nr="84" mi="8" ci="0" mb="0" cb="0"/><line nr="86" mi="3" ci="0" mb="0" cb="0"/><line nr="87" mi="3" ci="0" mb="0" cb="0"/><line nr="88" mi="1" ci="0" mb="0" cb="0"/><line nr="89" mi="1" ci="0" mb="0" cb="0"/><line nr="93" mi="8" ci="0" mb="0" cb="0"/><line nr="95" mi="3" ci="0" mb="0" cb="0"/><line nr="96" mi="3" ci="0" mb="0" cb="0"/><line nr="97" mi="1" ci="0" mb="0" cb="0"/><line nr="98" mi="1" ci="0" mb="0" cb="0"/><line nr="103" mi="7" ci="0" mb="0" cb="0"/><line nr="107" mi="0" ci="8" mb="0" cb="0"/><line nr="109" mi="0" ci="3" mb="0" cb="0"/><line nr="110" mi="0" ci="1" mb="0" cb="0"/><line nr="111" mi="0" ci="3" mb="0" cb="0"/><line nr="114" mi="8" ci="0" mb="0" cb="0"/><line nr="115" mi="1" ci="0" mb="0" cb="0"/><line nr="116" mi="3" ci="0" mb="0" cb="0"/><line nr="119" mi="8" ci="0" mb="0" cb="0"/><line nr="120" mi="3" ci="0" mb="0" cb="0"/><line nr="121" mi="1" ci="0" mb="0" cb="0"/><line nr="122" mi="3" ci="0" mb="0" cb="0"/><line nr="125" mi="0" ci="8" mb="0" cb="0"/><line nr="126" mi="0" ci="3" mb="0" cb="0"/><line nr="127" mi="0" ci="1" mb="0" cb="0"/><line nr="128" mi="0" ci="1" mb="0" cb="0"/><line nr="131" mi="8" ci="0" mb="0" cb="0"/><line nr="132" mi="3" ci="0" mb="0" cb="0"/><line nr="133" mi="1" ci="0" mb="0" cb="0"/><line nr="134" mi="1" ci="0" mb="0" cb="0"/><line nr="140" mi="8" ci="0" mb="0" cb="0"/><line nr="142" mi="3" ci="0" mb="0" cb="0"/><line nr="143" mi="3" ci="0" mb="0" cb="0"/><line nr="144" mi="1" ci="0" mb="0" cb="0"/><line nr="145" mi="3" ci="0" mb="0" cb="0"/><line nr="148" mi="8" ci="0" mb="0" cb="0"/><line nr="151" mi="3" ci="0" mb="0" cb="0"/><line nr="152" mi="3" ci="0" mb="0" cb="0"/><line nr="153" mi="1" ci="0" mb="0" cb="0"/><line nr="154" mi="1" ci="0" mb="0" cb="0"/><line nr="157" mi="8" ci="0" mb="0" cb="0"/><line nr="159" mi="3" ci="0" mb="0" cb="0"/><line nr="160" mi="3" ci="0" mb="0" cb="0"/><line nr="161" mi="1" ci="0" mb="0" cb="0"/><line nr="162" mi="1" ci="0" mb="0" cb="0"/><line nr="167" mi="8" ci="0" mb="0" cb="0"/><line nr="168" mi="3" ci="0" mb="0" cb="0"/><line nr="169" mi="1" ci="0" mb="0" cb="0"/><line nr="170" mi="1" ci="0" mb="0" cb="0"/><line nr="177" mi="8" ci="0" mb="0" cb="0"/><line nr="178" mi="3" ci="0" mb="0" cb="0"/><line nr="179" mi="1" ci="0" mb="0" cb="0"/><line nr="180" mi="1" ci="0" mb="0" cb="0"/><counter type="INSTRUCTION" missed="214" covered="81"/><counter type="BRANCH" missed="1" covered="1"/><counter type="LINE" missed="62" covered="22"/><counter type="COMPLEXITY" missed="17" covered="7"/><counter type="METHOD" missed="16" covered="7"/><counter type="CLASS" missed="0" covered="1"/></sourcefile><counter type="INSTRUCTION" missed="443" covered="537"/><counter type="BRANCH" missed="4" covered="8"/><counter type="LINE" missed="136" covered="124"/><counter type="COMPLEXITY" missed="35" covered="46"/><counter type="METHOD" missed="32" covered="43"/><counter type="CLASS" missed="0" covered="10"/></package><package name="com/mybank/model"><class name="com/mybank/model/DemandeCredit" sourcefilename="DemandeCredit.java"><method name="&lt;init&gt;" desc="()V" line="8"><counter type="INSTRUCTION" missed="0" covered="3"/><counter type="LINE" missed="0" covered="1"/><counter type="COMPLEXITY" missed="0" covered="1"/><counter type="METHOD" missed="0" covered="1"/></method><method name="getId" desc="()Ljava/lang/Long;" line="29"><counter type="INSTRUCTION" missed="3" covered="0"/><counter type="LINE" missed="1" covered="0"/><counter type="COMPLEXITY" missed="1" covered="0"/><counter type="METHOD" missed="1" covered="0"/></method><method name="getFolder" desc="()Lcom/mybank/model/Folder;" line="33"><counter type="INSTRUCTION" missed="3" covered="0"/><counter type="LINE" missed="1" covered="0"/><counter type="COMPLEXITY" missed="1" covered="0"/><counter type="METHOD" missed="1" covered="0"/></method><method name="setFolder" desc="(Lcom/mybank/model/Folder;)V" line="37"><counter type="INSTRUCTION" missed="0" covered="4"/><counter type="LINE" missed="0" covered="2"/><counter type="COMPLEXITY" missed="0" covered="1"/><counter type="METHOD" missed="0" covered="1"/></method><method name="getMensualiteEstimee" desc="()Ljava/lang/Double;" line="41"><counter type="INSTRUCTION" missed="0" covered="3"/><counter type="LINE" missed="0" covered="1"/><counter type="COMPLEXITY" missed="0" covered="1"/><counter type="METHOD" missed="0" covered="1"/></method><method name="setMensualiteEstimee" desc="(Ljava/lang/Double;)V" line="45"><counter type="INSTRUCTION" missed="0" covered="4"/><counter type="LINE" missed="0" covered="2"/><counter type="COMPLEXITY" missed="0" covered="1"/><counter type="METHOD" missed="0" covered="1"/></method><method name="getTauxEndettement" desc="()Ljava/lang/Double;" line="49"><counter type="INSTRUCTION" missed="0" covered="3"/><counter type="LINE" missed="0" covered="1"/><counter type="COMPLEXITY" missed="0" covered="1"/><counter type="METHOD" missed="0" covered="1"/></method><method name="setTauxEndettement" desc="(Ljava/lang/Double;)V" line="53"><counter type="INSTRUCTION" missed="0" covered="4"/><counter type="LINE" missed="0" covered="2"/><counter type="COMPLEXITY" missed="0" covered="1"/><counter type="METHOD" missed="0" covered="1"/></method><method name="getTauxEndettementAvant" desc="()Ljava/lang/Double;" line="57"><counter type="INSTRUCTION" missed="0" covered="3"/><counter type="LINE" missed="0" covered="1"/><counter type="COMPLEXITY" missed="0" covered="1"/><counter type="METHOD" missed="0" covered="1"/></method><method name="setTauxEndettementAvant" desc="(Ljava/lang/Double;)V" line="58"><counter type="INSTRUCTION" missed="0" covered="4"/><counter type="LINE" missed="0" covered="1"/><counter type="COMPLEXITY" missed="0" covered="1"/><counter type="METHOD" missed="0" covered="1"/></method><counter type="INSTRUCTION" missed="6" covered="28"/><counter type="LINE" missed="2" covered="11"/><counter type="COMPLEXITY" missed="2" covered="8"/><counter type="METHOD" missed="2" covered="8"/><counter type="CLASS" missed="0" covered="1"/></class><class name="com/mybank/model/User" sourcefilename="User.java"><method name="&lt;init&gt;" desc="()V" line="47"><counter type="INSTRUCTION" missed="0" covered="3"/><counter type="LINE" missed="0" covered="1"/><counter type="COMPLEXITY" missed="0" covered="1"/><counter type="METHOD" missed="0" covered="1"/></method><method name="&lt;init&gt;" desc="(Ljava/lang/String;Ljava/lang/String;Ljava/lang/String;Ljava/lang/String;Ljava/lang/String;Lcom/mybank/model/Role;Lcom/mybank/model/Department;Lcom/mybank/model/Niveau;)V" line="49"><counter type="INSTRUCTION" missed="0" covered="29"/><counter type="LINE" missed="0" covered="10"/><counter type="COMPLEXITY" missed="0" covered="1"/><counter type="METHOD" missed="0" covered="1"/></method><method name="hashPassword" desc="(Ljava/lang/String;)Ljava/lang/String;" line="62"><counter type="INSTRUCTION" missed="6" covered="43"/><counter type="BRANCH" missed="0" covered="2"/><counter type="LINE" missed="2" covered="6"/><counter type="COMPLEXITY" missed="0" covered="2"/><counter type="METHOD" missed="0" covered="1"/></method><method name="getId" desc="()Ljava/lang/Long;" line="75"><counter type="INSTRUCTION" missed="0" covered="3"/><counter type="LINE" missed="0" covered="1"/><counter type="COMPLEXITY" missed="0" covered="1"/><counter type="METHOD" missed="0" covered="1"/></method><method name="getMatricule" desc="()Ljava/lang/String;" line="76"><counter type="INSTRUCTION" missed="0" covered="3"/><counter type="LINE" missed="0" covered="1"/><counter type="COMPLEXITY" missed="0" covered="1"/><counter type="METHOD" missed="0" covered="1"/></method><method name="getFirstName" desc="()Ljava/lang/String;" line="77"><counter type="INSTRUCTION" missed="0" covered="3"/><counter type="LINE" missed="0" covered="1"/><counter type="COMPLEXITY" missed="0" covered="1"/><counter type="METHOD" missed="0" covered="1"/></method><method name="getLastName" desc="()Ljava/lang/String;" line="78"><counter type="INSTRUCTION" missed="0" covered="3"/><counter type="LINE" missed="0" covered="1"/><counter type="COMPLEXITY" missed="0" covered="1"/><counter type="METHOD" missed="0" covered="1"/></method><method name="getUsername" desc="()Ljava/lang/String;" line="79"><counter type="INSTRUCTION" missed="0" covered="3"/><counter type="LINE" missed="0" covered="1"/><counter type="COMPLEXITY" missed="0" covered="1"/><counter type="METHOD" missed="0" covered="1"/></method><method name="getPassword" desc="()Ljava/lang/String;" line="80"><counter type="INSTRUCTION" missed="0" covered="3"/><counter type="LINE" missed="0" covered="1"/><counter type="COMPLEXITY" missed="0" covered="1"/><counter type="METHOD" missed="0" covered="1"/></method><method name="getRole" desc="()Lcom/mybank/model/Role;" line="81"><counter type="INSTRUCTION" missed="0" covered="3"/><counter type="LINE" missed="0" covered="1"/><counter type="COMPLEXITY" missed="0" covered="1"/><counter type="METHOD" missed="0" covered="1"/></method><method name="setId" desc="(Ljava/lang/Long;)V" line="83"><counter type="INSTRUCTION" missed="0" covered="4"/><counter type="LINE" missed="0" covered="1"/><counter type="COMPLEXITY" missed="0" covered="1"/><counter type="METHOD" missed="0" covered="1"/></method><method name="setMatricule" desc="(Ljava/lang/String;)V" line="84"><counter type="INSTRUCTION" missed="4" covered="0"/><counter type="LINE" missed="1" covered="0"/><counter type="COMPLEXITY" missed="1" covered="0"/><counter type="METHOD" missed="1" covered="0"/></method><method name="setFirstName" desc="(Ljava/lang/String;)V" line="85"><counter type="INSTRUCTION" missed="0" covered="4"/><counter type="LINE" missed="0" covered="1"/><counter type="COMPLEXITY" missed="0" covered="1"/><counter type="METHOD" missed="0" covered="1"/></method><method name="setLastName" desc="(Ljava/lang/String;)V" line="86"><counter type="INSTRUCTION" missed="0" covered="4"/><counter type="LINE" missed="0" covered="1"/><counter type="COMPLEXITY" missed="0" covered="1"/><counter type="METHOD" missed="0" covered="1"/></method><method name="setUsername" desc="(Ljava/lang/String;)V" line="87"><counter type="INSTRUCTION" missed="0" covered="4"/><counter type="LINE" missed="0" covered="1"/><counter type="COMPLEXITY" missed="0" covered="1"/><counter type="METHOD" missed="0" covered="1"/></method><method name="setPassword" desc="(Ljava/lang/String;)V" line="88"><counter type="INSTRUCTION" missed="0" covered="6"/><counter type="LINE" missed="0" covered="1"/><counter type="COMPLEXITY" missed="0" covered="1"/><counter type="METHOD" missed="0" covered="1"/></method><method name="setRole" desc="(Lcom/mybank/model/Role;)V" line="89"><counter type="INSTRUCTION" missed="0" covered="4"/><counter type="LINE" missed="0" covered="1"/><counter type="COMPLEXITY" missed="0" covered="1"/><counter type="METHOD" missed="0" covered="1"/></method><method name="setAgency" desc="(Lcom/mybank/model/Agency;)V" line="91"><counter type="INSTRUCTION" missed="0" covered="4"/><counter type="LINE" missed="0" covered="2"/><counter type="COMPLEXITY" missed="0" covered="1"/><counter type="METHOD" missed="0" covered="1"/></method><method name="getAgency" desc="()Lcom/mybank/model/Agency;" line="95"><counter type="INSTRUCTION" missed="0" covered="3"/><counter type="LINE" missed="0" covered="1"/><counter type="COMPLEXITY" missed="0" covered="1"/><counter type="METHOD" missed="0" covered="1"/></method><method name="getDepartment" desc="()Lcom/mybank/model/Department;" line="99"><counter type="INSTRUCTION" missed="0" covered="3"/><counter type="LINE" missed="0" covered="1"/><counter type="COMPLEXITY" missed="0" covered="1"/><counter type="METHOD" missed="0" covered="1"/></method><method name="setDepartment" desc="(Lcom/mybank/model/Department;)V" line="103"><counter type="INSTRUCTION" missed="0" covered="4"/><counter type="LINE" missed="0" covered="2"/><counter type="COMPLEXITY" missed="0" covered="1"/><counter type="METHOD" missed="0" covered="1"/></method><method name="getNiveau" desc="()Lcom/mybank/model/Niveau;" line="107"><counter type="INSTRUCTION" missed="0" covered="3"/><counter type="LINE" missed="0" covered="1"/><counter type="COMPLEXITY" missed="0" covered="1"/><counter type="METHOD" missed="0" covered="1"/></method><method name="setNiveau" desc="(Lcom/mybank/model/Niveau;)V" line="111"><counter type="INSTRUCTION" missed="4" covered="0"/><counter type="LINE" missed="2" covered="0"/><counter type="COMPLEXITY" missed="1" covered="0"/><counter type="METHOD" missed="1" covered="0"/></method><method name="equals" desc="(Ljava/lang/Object;)Z" line="115"><counter type="INSTRUCTION" missed="30" covered="0"/><counter type="BRANCH" missed="10" covered="0"/><counter type="LINE" missed="4" covered="0"/><counter type="COMPLEXITY" missed="6" covered="0"/><counter type="METHOD" missed="1" covered="0"/></method><method name="hashCode" desc="()I" line="123"><counter type="INSTRUCTION" missed="2" covered="0"/><counter type="LINE" missed="1" covered="0"/><counter type="COMPLEXITY" missed="1" covered="0"/><counter type="METHOD" missed="1" covered="0"/></method><counter type="INSTRUCTION" missed="46" covered="139"/><counter type="BRANCH" missed="10" covered="2"/><counter type="LINE" missed="10" covered="37"/><counter type="COMPLEXITY" missed="9" covered="22"/><counter type="METHOD" missed="4" covered="21"/><counter type="CLASS" missed="0" covered="1"/></class><class name="com/mybank/model/Alert" sourcefilename="Alert.java"><method name="&lt;init&gt;" desc="()V" line="25"><counter type="INSTRUCTION" missed="0" covered="9"/><counter type="LINE" missed="0" covered="4"/><counter type="COMPLEXITY" missed="0" covered="1"/><counter type="METHOD" missed="0" covered="1"/></method><method name="getId" desc="()Ljava/lang/Long;" line="33"><counter type="INSTRUCTION" missed="3" covered="0"/><counter type="LINE" missed="1" covered="0"/><counter type="COMPLEXITY" missed="1" covered="0"/><counter type="METHOD" missed="1" covered="0"/></method><method name="getMessage" desc="()Ljava/lang/String;" line="35"><counter type="INSTRUCTION" missed="3" covered="0"/><counter type="LINE" missed="1" covered="0"/><counter type="COMPLEXITY" missed="1" covered="0"/><counter type="METHOD" missed="1" covered="0"/></method><method name="setMessage" desc="(Ljava/lang/String;)V" line="36"><counter type="INSTRUCTION" missed="0" covered="4"/><counter type="LINE" missed="0" covered="1"/><counter type="COMPLEXITY" missed="0" covered="1"/><counter type="METHOD" missed="0" covered="1"/></method><method name="getCreatedAt" desc="()Ljava/time/LocalDateTime;" line="38"><counter type="INSTRUCTION" missed="3" covered="0"/><counter type="LINE" missed="1" covered="0"/><counter type="COMPLEXITY" missed="1" covered="0"/><counter type="METHOD" missed="1" covered="0"/></method><method name="setCreatedAt" desc="(Ljava/time/LocalDateTime;)V" line="39"><counter type="INSTRUCTION" missed="4" covered="0"/><counter type="LINE" missed="1" covered="0"/><counter type="COMPLEXITY" missed="1" covered="0"/><counter type="METHOD" missed="1" covered="0"/></method><method name="getTargetUser" desc="()Lcom/mybank/model/User;" line="41"><counter type="INSTRUCTION" missed="3" covered="0"/><counter type="LINE" missed="1" covered="0"/><counter type="COMPLEXITY" missed="1" covered="0"/><counter type="METHOD" missed="1" covered="0"/></method><method name="setTargetUser" desc="(Lcom/mybank/model/User;)V" line="42"><counter type="INSTRUCTION" missed="0" covered="4"/><counter type="LINE" missed="0" covered="1"/><counter type="COMPLEXITY" missed="0" covered="1"/><counter type="METHOD" missed="0" covered="1"/></method><method name="isRead" desc="()Z" line="44"><counter type="INSTRUCTION" missed="3" covered="0"/><counter type="LINE" missed="1" covered="0"/><counter type="COMPLEXITY" missed="1" covered="0"/><counter type="METHOD" missed="1" covered="0"/></method><method name="setRead" desc="(Z)V" line="45"><counter type="INSTRUCTION" missed="4" covered="0"/><counter type="LINE" missed="1" covered="0"/><counter type="COMPLEXITY" missed="1" covered="0"/><counter type="METHOD" missed="1" covered="0"/></method><method name="getFormattedCreatedAt" desc="()Ljava/lang/String;" line="48"><counter type="INSTRUCTION" missed="8" covered="0"/><counter type="LINE" missed="2" covered="0"/><counter type="COMPLEXITY" missed="1" covered="0"/><counter type="METHOD" missed="1" covered="0"/></method><counter type="INSTRUCTION" missed="31" covered="17"/><counter type="LINE" missed="9" covered="6"/><counter type="COMPLEXITY" missed="8" covered="3"/><counter type="METHOD" missed="8" covered="3"/><counter type="CLASS" missed="0" covered="1"/></class><class name="com/mybank/model/Agency" sourcefilename="Agency.java"><method name="&lt;init&gt;" desc="()V" line="42"><counter type="INSTRUCTION" missed="0" covered="3"/><counter type="LINE" missed="0" covered="1"/><counter type="COMPLEXITY" missed="0" covered="1"/><counter type="METHOD" missed="0" covered="1"/></method><method name="&lt;init&gt;" desc="(Ljava/lang/String;Ljava/lang/String;Lcom/mybank/model/User;)V" line="44"><counter type="INSTRUCTION" missed="0" covered="12"/><counter type="LINE" missed="0" covered="5"/><counter type="COMPLEXITY" missed="0" covered="1"/><counter type="METHOD" missed="0" covered="1"/></method><method name="getId" desc="()Ljava/lang/Long;" line="51"><counter type="INSTRUCTION" missed="3" covered="0"/><counter type="LINE" missed="1" covered="0"/><counter type="COMPLEXITY" missed="1" covered="0"/><counter type="METHOD" missed="1" covered="0"/></method><method name="getCode" desc="()Ljava/lang/String;" line="53"><counter type="INSTRUCTION" missed="0" covered="3"/><counter type="LINE" missed="0" covered="1"/><counter type="COMPLEXITY" missed="0" covered="1"/><counter type="METHOD" missed="0" covered="1"/></method><method name="setCode" desc="(Ljava/lang/String;)V" line="54"><counter type="INSTRUCTION" missed="4" covered="0"/><counter type="LINE" missed="1" covered="0"/><counter type="COMPLEXITY" missed="1" covered="0"/><counter type="METHOD" missed="1" covered="0"/></method><method name="getName" desc="()Ljava/lang/String;" line="56"><counter type="INSTRUCTION" missed="0" covered="3"/><counter type="LINE" missed="0" covered="1"/><counter type="COMPLEXITY" missed="0" covered="1"/><counter type="METHOD" missed="0" covered="1"/></method><method name="setName" desc="(Ljava/lang/String;)V" line="57"><counter type="INSTRUCTION" missed="4" covered="0"/><counter type="LINE" missed="1" covered="0"/><counter type="COMPLEXITY" missed="1" covered="0"/><counter type="METHOD" missed="1" covered="0"/></method><method name="getDirector" desc="()Lcom/mybank/model/User;" line="59"><counter type="INSTRUCTION" missed="0" covered="3"/><counter type="LINE" missed="0" covered="1"/><counter type="COMPLEXITY" missed="0" covered="1"/><counter type="METHOD" missed="0" covered="1"/></method><method name="setDirector" desc="(Lcom/mybank/model/User;)V" line="60"><counter type="INSTRUCTION" missed="0" covered="4"/><counter type="LINE" missed="0" covered="1"/><counter type="COMPLEXITY" missed="0" covered="1"/><counter type="METHOD" missed="0" covered="1"/></method><method name="getUsers" desc="()Ljava/util/List;" line="62"><counter type="INSTRUCTION" missed="3" covered="0"/><counter type="LINE" missed="1" covered="0"/><counter type="COMPLEXITY" missed="1" covered="0"/><counter type="METHOD" missed="1" covered="0"/></method><method name="setUsers" desc="(Ljava/util/List;)V" line="63"><counter type="INSTRUCTION" missed="4" covered="0"/><counter type="LINE" missed="1" covered="0"/><counter type="COMPLEXITY" missed="1" covered="0"/><counter type="METHOD" missed="1" covered="0"/></method><method name="getDefaultAnalyst" desc="()Lcom/mybank/model/User;" line="67"><counter type="INSTRUCTION" missed="0" covered="3"/><counter type="LINE" missed="0" covered="1"/><counter type="COMPLEXITY" missed="0" covered="1"/><counter type="METHOD" missed="0" covered="1"/></method><method name="setDefaultAnalyst" desc="(Lcom/mybank/model/User;)V" line="70"><counter type="INSTRUCTION" missed="0" covered="4"/><counter type="LINE" missed="0" covered="2"/><counter type="COMPLEXITY" missed="0" covered="1"/><counter type="METHOD" missed="0" covered="1"/></method><method name="getCICAnalyst" desc="()Lcom/mybank/model/User;" line="74"><counter type="INSTRUCTION" missed="3" covered="0"/><counter type="LINE" missed="1" covered="0"/><counter type="COMPLEXITY" missed="1" covered="0"/><counter type="METHOD" missed="1" covered="0"/></method><method name="setCICAnalyst" desc="(Lcom/mybank/model/User;)V" line="77"><counter type="INSTRUCTION" missed="4" covered="0"/><counter type="LINE" missed="2" covered="0"/><counter type="COMPLEXITY" missed="1" covered="0"/><counter type="METHOD" missed="1" covered="0"/></method><method name="getResponsableSuccursale" desc="()Lcom/mybank/model/User;" line="81"><counter type="INSTRUCTION" missed="0" covered="3"/><counter type="LINE" missed="0" covered="1"/><counter type="COMPLEXITY" missed="0" covered="1"/><counter type="METHOD" missed="0" covered="1"/></method><method name="setResponsableSuccursale" desc="(Lcom/mybank/model/User;)V" line="86"><counter type="INSTRUCTION" missed="0" covered="4"/><counter type="LINE" missed="0" covered="2"/><counter type="COMPLEXITY" missed="0" covered="1"/><counter type="METHOD" missed="0" covered="1"/></method><counter type="INSTRUCTION" missed="25" covered="42"/><counter type="LINE" missed="8" covered="16"/><counter type="COMPLEXITY" missed="7" covered="10"/><counter type="METHOD" missed="7" covered="10"/><counter type="CLASS" missed="0" covered="1"/></class><class name="com/mybank/model/ClientProfile" sourcefilename="ClientProfile.java"><method name="&lt;init&gt;" desc="()V" line="8"><counter type="INSTRUCTION" missed="0" covered="3"/><counter type="LINE" missed="0" covered="1"/><counter type="COMPLEXITY" missed="0" covered="1"/><counter type="METHOD" missed="0" covered="1"/></method><method name="getId" desc="()Ljava/lang/Long;" line="81"><counter type="INSTRUCTION" missed="0" covered="3"/><counter type="LINE" missed="0" covered="1"/><counter type="COMPLEXITY" missed="0" covered="1"/><counter type="METHOD" missed="0" covered="1"/></method><method name="setId" desc="(Ljava/lang/Long;)V" line="82"><counter type="INSTRUCTION" missed="0" covered="4"/><counter type="LINE" missed="0" covered="1"/><counter type="COMPLEXITY" missed="0" covered="1"/><counter type="METHOD" missed="0" covered="1"/></method><method name="getFolder" desc="()Lcom/mybank/model/Folder;" line="84"><counter type="INSTRUCTION" missed="0" covered="3"/><counter type="LINE" missed="0" covered="1"/><counter type="COMPLEXITY" missed="0" covered="1"/><counter type="METHOD" missed="0" covered="1"/></method><method name="setFolder" desc="(Lcom/mybank/model/Folder;)V" line="85"><counter type="INSTRUCTION" missed="0" covered="4"/><counter type="LINE" missed="0" covered="1"/><counter type="COMPLEXITY" missed="0" covered="1"/><counter type="METHOD" missed="0" covered="1"/></method><method name="getAge" desc="()Ljava/lang/Integer;" line="87"><counter type="INSTRUCTION" missed="3" covered="0"/><counter type="LINE" missed="1" covered="0"/><counter type="COMPLEXITY" missed="1" covered="0"/><counter type="METHOD" missed="1" covered="0"/></method><method name="setAge" desc="(Ljava/lang/Integer;)V" line="88"><counter type="INSTRUCTION" missed="4" covered="0"/><counter type="LINE" missed="1" covered="0"/><counter type="COMPLEXITY" missed="1" covered="0"/><counter type="METHOD" missed="1" covered="0"/></method><method name="getScoreCredit" desc="()Ljava/lang/Integer;" line="90"><counter type="INSTRUCTION" missed="3" covered="0"/><counter type="LINE" missed="1" covered="0"/><counter type="COMPLEXITY" missed="1" covered="0"/><counter type="METHOD" missed="1" covered="0"/></method><method name="setScoreCredit" desc="(Ljava/lang/Integer;)V" line="91"><counter type="INSTRUCTION" missed="4" covered="0"/><counter type="LINE" missed="1" covered="0"/><counter type="COMPLEXITY" missed="1" covered="0"/><counter type="METHOD" missed="1" covered="0"/></method><method name="getStatutEmploi" desc="()Ljava/lang/String;" line="93"><counter type="INSTRUCTION" missed="3" covered="0"/><counter type="LINE" missed="1" covered="0"/><counter type="COMPLEXITY" missed="1" covered="0"/><counter type="METHOD" missed="1" covered="0"/></method><method name="setStatutEmploi" desc="(Ljava/lang/String;)V" line="94"><counter type="INSTRUCTION" missed="4" covered="0"/><counter type="LINE" missed="1" covered="0"/><counter type="COMPLEXITY" missed="1" covered="0"/><counter type="METHOD" missed="1" covered="0"/></method><method name="getStatutMatrimonial" desc="()Ljava/lang/String;" line="96"><counter type="INSTRUCTION" missed="3" covered="0"/><counter type="LINE" missed="1" covered="0"/><counter type="COMPLEXITY" missed="1" covered="0"/><counter type="METHOD" missed="1" covered="0"/></method><method name="setStatutMatrimonial" desc="(Ljava/lang/String;)V" line="97"><counter type="INSTRUCTION" missed="4" covered="0"/><counter type="LINE" missed="1" covered="0"/><counter type="COMPLEXITY" missed="1" covered="0"/><counter type="METHOD" missed="1" covered="0"/></method><method name="getStatutPropriete" desc="()Ljava/lang/String;" line="99"><counter type="INSTRUCTION" missed="3" covered="0"/><counter type="LINE" missed="1" covered="0"/><counter type="COMPLEXITY" missed="1" covered="0"/><counter type="METHOD" missed="1" covered="0"/></method><method name="setStatutPropriete" desc="(Ljava/lang/String;)V" line="100"><counter type="INSTRUCTION" missed="4" covered="0"/><counter type="LINE" missed="1" covered="0"/><counter type="COMPLEXITY" missed="1" covered="0"/><counter type="METHOD" missed="1" covered="0"/></method><method name="getPaiementsMensuelsDette" desc="()Ljava/lang/Double;" line="102"><counter type="INSTRUCTION" missed="0" covered="3"/><counter type="LINE" missed="0" covered="1"/><counter type="COMPLEXITY" missed="0" covered="1"/><counter type="METHOD" missed="0" covered="1"/></method><method name="setPaiementsMensuelsDette" desc="(Ljava/lang/Double;)V" line="103"><counter type="INSTRUCTION" missed="0" covered="4"/><counter type="LINE" missed="0" covered="1"/><counter type="COMPLEXITY" missed="0" covered="1"/><counter type="METHOD" missed="0" covered="1"/></method><method name="getTauxUtilisationCarteCredit" desc="()Ljava/lang/Double;" line="105"><counter type="INSTRUCTION" missed="3" covered="0"/><counter type="LINE" missed="1" covered="0"/><counter type="COMPLEXITY" missed="1" covered="0"/><counter type="METHOD" missed="1" covered="0"/></method><method name="setTauxUtilisationCarteCredit" desc="(Ljava/lang/Double;)V" line="106"><counter type="INSTRUCTION" missed="4" covered="0"/><counter type="LINE" missed="1" covered="0"/><counter type="COMPLEXITY" missed="1" covered="0"/><counter type="METHOD" missed="1" covered="0"/></method><method name="getNombreLignesCreditOuvertes" desc="()Ljava/lang/Integer;" line="108"><counter type="INSTRUCTION" missed="3" covered="0"/><counter type="LINE" missed="1" covered="0"/><counter type="COMPLEXITY" missed="1" covered="0"/><counter type="METHOD" missed="1" covered="0"/></method><method name="setNombreLignesCreditOuvertes" desc="(Ljava/lang/Integer;)V" line="109"><counter type="INSTRUCTION" missed="4" covered="0"/><counter type="LINE" missed="1" covered="0"/><counter type="COMPLEXITY" missed="1" covered="0"/><counter type="METHOD" missed="1" covered="0"/></method><method name="getNombreDemandesCredit" desc="()Ljava/lang/Integer;" line="111"><counter type="INSTRUCTION" missed="3" covered="0"/><counter type="LINE" missed="1" covered="0"/><counter type="COMPLEXITY" missed="1" covered="0"/><counter type="METHOD" missed="1" covered="0"/></method><method name="setNombreDemandesCredit" desc="(Ljava/lang/Integer;)V" line="112"><counter type="INSTRUCTION" missed="4" covered="0"/><counter type="LINE" missed="1" covered="0"/><counter type="COMPLEXITY" missed="1" covered="0"/><counter type="METHOD" missed="1" covered="0"/></method><method name="getHistoriqueFaillite" desc="()Ljava/lang/Integer;" line="114"><counter type="INSTRUCTION" missed="3" covered="0"/><counter type="LINE" missed="1" covered="0"/><counter type="COMPLEXITY" missed="1" covered="0"/><counter type="METHOD" missed="1" covered="0"/></method><method name="setHistoriqueFaillite" desc="(Ljava/lang/Integer;)V" line="115"><counter type="INSTRUCTION" missed="4" covered="0"/><counter type="LINE" missed="1" covered="0"/><counter type="COMPLEXITY" missed="1" covered="0"/><counter type="METHOD" missed="1" covered="0"/></method><method name="getPrecedentsDefautsPret" desc="()Ljava/lang/Integer;" line="117"><counter type="INSTRUCTION" missed="3" covered="0"/><counter type="LINE" missed="1" covered="0"/><counter type="COMPLEXITY" missed="1" covered="0"/><counter type="METHOD" missed="1" covered="0"/></method><method name="setPrecedentsDefautsPret" desc="(Ljava/lang/Integer;)V" line="118"><counter type="INSTRUCTION" missed="4" covered="0"/><counter type="LINE" missed="1" covered="0"/><counter type="COMPLEXITY" missed="1" covered="0"/><counter type="METHOD" missed="1" covered="0"/></method><method name="getHistoriquePaiement" desc="()Ljava/lang/Integer;" line="120"><counter type="INSTRUCTION" missed="3" covered="0"/><counter type="LINE" missed="1" covered="0"/><counter type="COMPLEXITY" missed="1" covered="0"/><counter type="METHOD" missed="1" covered="0"/></method><method name="setHistoriquePaiement" desc="(Ljava/lang/Integer;)V" line="121"><counter type="INSTRUCTION" missed="4" covered="0"/><counter type="LINE" missed="1" covered="0"/><counter type="COMPLEXITY" missed="1" covered="0"/><counter type="METHOD" missed="1" covered="0"/></method><method name="getDureeHistoriqueCredit" desc="()Ljava/lang/Integer;" line="123"><counter type="INSTRUCTION" missed="3" covered="0"/><counter type="LINE" missed="1" covered="0"/><counter type="COMPLEXITY" missed="1" covered="0"/><counter type="METHOD" missed="1" covered="0"/></method><method name="setDureeHistoriqueCredit" desc="(Ljava/lang/Integer;)V" line="124"><counter type="INSTRUCTION" missed="4" covered="0"/><counter type="LINE" missed="1" covered="0"/><counter type="COMPLEXITY" missed="1" covered="0"/><counter type="METHOD" missed="1" covered="0"/></method><method name="getActifsTotaux" desc="()Ljava/lang/Double;" line="126"><counter type="INSTRUCTION" missed="0" covered="3"/><counter type="LINE" missed="0" covered="1"/><counter type="COMPLEXITY" missed="0" covered="1"/><counter type="METHOD" missed="0" covered="1"/></method><method name="setActifsTotaux" desc="(Ljava/lang/Double;)V" line="127"><counter type="INSTRUCTION" missed="0" covered="4"/><counter type="LINE" missed="0" covered="1"/><counter type="COMPLEXITY" missed="0" covered="1"/><counter type="METHOD" missed="0" covered="1"/></method><method name="getPassifsTotaux" desc="()Ljava/lang/Double;" line="129"><counter type="INSTRUCTION" missed="0" covered="3"/><counter type="LINE" missed="0" covered="1"/><counter type="COMPLEXITY" missed="0" covered="1"/><counter type="METHOD" missed="0" covered="1"/></method><method name="setPassifsTotaux" desc="(Ljava/lang/Double;)V" line="130"><counter type="INSTRUCTION" missed="0" covered="4"/><counter type="LINE" missed="0" covered="1"/><counter type="COMPLEXITY" missed="0" covered="1"/><counter type="METHOD" missed="0" covered="1"/></method><method name="getValeurNette" desc="()Ljava/lang/Double;" line="132"><counter type="INSTRUCTION" missed="0" covered="3"/><counter type="LINE" missed="0" covered="1"/><counter type="COMPLEXITY" missed="0" covered="1"/><counter type="METHOD" missed="0" covered="1"/></method><method name="setValeurNette" desc="(Ljava/lang/Double;)V" line="133"><counter type="INSTRUCTION" missed="0" covered="4"/><counter type="LINE" missed="0" covered="1"/><counter type="COMPLEXITY" missed="0" covered="1"/><counter type="METHOD" missed="0" covered="1"/></method><method name="getPretApprouve" desc="()Ljava/lang/Boolean;" line="135"><counter type="INSTRUCTION" missed="3" covered="0"/><counter type="LINE" missed="1" covered="0"/><counter type="COMPLEXITY" missed="1" covered="0"/><counter type="METHOD" missed="1" covered="0"/></method><method name="setPretApprouve" desc="(Ljava/lang/Boolean;)V" line="136"><counter type="INSTRUCTION" missed="4" covered="0"/><counter type="LINE" missed="1" covered="0"/><counter type="COMPLEXITY" missed="1" covered="0"/><counter type="METHOD" missed="1" covered="0"/></method><method name="getProbabiliteApprobation" desc="()Ljava/lang/String;" line="139"><counter type="INSTRUCTION" missed="3" covered="0"/><counter type="LINE" missed="1" covered="0"/><counter type="COMPLEXITY" missed="1" covered="0"/><counter type="METHOD" missed="1" covered="0"/></method><method name="setProbabiliteApprobation" desc="(Ljava/lang/String;)V" line="143"><counter type="INSTRUCTION" missed="4" covered="0"/><counter type="LINE" missed="2" covered="0"/><counter type="COMPLEXITY" missed="1" covered="0"/><counter type="METHOD" missed="1" covered="0"/></method><method name="getScoreRisque" desc="()Ljava/lang/Double;" line="147"><counter type="INSTRUCTION" missed="3" covered="0"/><counter type="LINE" missed="1" covered="0"/><counter type="COMPLEXITY" missed="1" covered="0"/><counter type="METHOD" missed="1" covered="0"/></method><method name="setScoreRisque" desc="(Ljava/lang/Double;)V" line="148"><counter type="INSTRUCTION" missed="4" covered="0"/><counter type="LINE" missed="1" covered="0"/><counter type="COMPLEXITY" missed="1" covered="0"/><counter type="METHOD" missed="1" covered="0"/></method><counter type="INSTRUCTION" missed="105" covered="45"/><counter type="LINE" missed="31" covered="13"/><counter type="COMPLEXITY" missed="30" covered="13"/><counter type="METHOD" missed="30" covered="13"/><counter type="CLASS" missed="0" covered="1"/></class><class name="com/mybank/model/FolderAction" sourcefilename="FolderAction.java"><method name="&lt;init&gt;" desc="()V" line="32"><counter type="INSTRUCTION" missed="0" covered="6"/><counter type="LINE" missed="0" covered="3"/><counter type="COMPLEXITY" missed="0" covered="1"/><counter type="METHOD" missed="0" covered="1"/></method><method name="&lt;init&gt;" desc="(Lcom/mybank/model/Folder;Lcom/mybank/model/User;Ljava/lang/String;)V" line="36"><counter type="INSTRUCTION" missed="0" covered="15"/><counter type="LINE" missed="0" covered="6"/><counter type="COMPLEXITY" missed="0" covered="1"/><counter type="METHOD" missed="0" covered="1"/></method><method name="getId" desc="()Ljava/lang/Long;" line="44"><counter type="INSTRUCTION" missed="0" covered="3"/><counter type="LINE" missed="0" covered="1"/><counter type="COMPLEXITY" missed="0" covered="1"/><counter type="METHOD" missed="0" covered="1"/></method><method name="setId" desc="(Ljava/lang/Long;)V" line="45"><counter type="INSTRUCTION" missed="0" covered="4"/><counter type="LINE" missed="0" covered="1"/><counter type="COMPLEXITY" missed="0" covered="1"/><counter type="METHOD" missed="0" covered="1"/></method><method name="getFolder" desc="()Lcom/mybank/model/Folder;" line="46"><counter type="INSTRUCTION" missed="3" covered="0"/><counter type="LINE" missed="1" covered="0"/><counter type="COMPLEXITY" missed="1" covered="0"/><counter type="METHOD" missed="1" covered="0"/></method><method name="setFolder" desc="(Lcom/mybank/model/Folder;)V" line="47"><counter type="INSTRUCTION" missed="0" covered="4"/><counter type="LINE" missed="0" covered="1"/><counter type="COMPLEXITY" missed="0" covered="1"/><counter type="METHOD" missed="0" covered="1"/></method><method name="getUser" desc="()Lcom/mybank/model/User;" line="49"><counter type="INSTRUCTION" missed="3" covered="0"/><counter type="LINE" missed="1" covered="0"/><counter type="COMPLEXITY" missed="1" covered="0"/><counter type="METHOD" missed="1" covered="0"/></method><method name="setUser" desc="(Lcom/mybank/model/User;)V" line="50"><counter type="INSTRUCTION" missed="0" covered="4"/><counter type="LINE" missed="0" covered="1"/><counter type="COMPLEXITY" missed="0" covered="1"/><counter type="METHOD" missed="0" covered="1"/></method><method name="getComment" desc="()Ljava/lang/String;" line="52"><counter type="INSTRUCTION" missed="3" covered="0"/><counter type="LINE" missed="1" covered="0"/><counter type="COMPLEXITY" missed="1" covered="0"/><counter type="METHOD" missed="1" covered="0"/></method><method name="setComment" desc="(Ljava/lang/String;)V" line="53"><counter type="INSTRUCTION" missed="0" covered="4"/><counter type="LINE" missed="0" covered="1"/><counter type="COMPLEXITY" missed="0" covered="1"/><counter type="METHOD" missed="0" covered="1"/></method><method name="getActionDate" desc="()Ljava/time/LocalDate;" line="55"><counter type="INSTRUCTION" missed="3" covered="0"/><counter type="LINE" missed="1" covered="0"/><counter type="COMPLEXITY" missed="1" covered="0"/><counter type="METHOD" missed="1" covered="0"/></method><method name="setActionDate" desc="(Ljava/time/LocalDate;)V" line="56"><counter type="INSTRUCTION" missed="0" covered="4"/><counter type="LINE" missed="0" covered="1"/><counter type="COMPLEXITY" missed="0" covered="1"/><counter type="METHOD" missed="0" covered="1"/></method><counter type="INSTRUCTION" missed="12" covered="44"/><counter type="LINE" missed="4" covered="15"/><counter type="COMPLEXITY" missed="4" covered="8"/><counter type="METHOD" missed="4" covered="8"/><counter type="CLASS" missed="0" covered="1"/></class><class name="com/mybank/model/AgencyDocument" sourcefilename="AgencyDocument.java"><method name="&lt;init&gt;" desc="()V" line="28"><counter type="INSTRUCTION" missed="0" covered="6"/><counter type="LINE" missed="0" covered="3"/><counter type="COMPLEXITY" missed="0" covered="1"/><counter type="METHOD" missed="0" covered="1"/></method><method name="getId" desc="()Ljava/lang/Long;" line="33"><counter type="INSTRUCTION" missed="3" covered="0"/><counter type="LINE" missed="1" covered="0"/><counter type="COMPLEXITY" missed="1" covered="0"/><counter type="METHOD" missed="1" covered="0"/></method><method name="getFileName" desc="()Ljava/lang/String;" line="35"><counter type="INSTRUCTION" missed="0" covered="3"/><counter type="LINE" missed="0" covered="1"/><counter type="COMPLEXITY" missed="0" covered="1"/><counter type="METHOD" missed="0" covered="1"/></method><method name="setFileName" desc="(Ljava/lang/String;)V" line="36"><counter type="INSTRUCTION" missed="0" covered="4"/><counter type="LINE" missed="0" covered="1"/><counter type="COMPLEXITY" missed="0" covered="1"/><counter type="METHOD" missed="0" covered="1"/></method><method name="getFileData" desc="()[B" line="40"><counter type="INSTRUCTION" missed="3" covered="0"/><counter type="LINE" missed="1" covered="0"/><counter type="COMPLEXITY" missed="1" covered="0"/><counter type="METHOD" missed="1" covered="0"/></method><method name="setFileData" desc="([B)V" line="41"><counter type="INSTRUCTION" missed="0" covered="4"/><counter type="LINE" missed="0" covered="1"/><counter type="COMPLEXITY" missed="0" covered="1"/><counter type="METHOD" missed="0" covered="1"/></method><method name="getUploadDate" desc="()Ljava/time/LocalDate;" line="43"><counter type="INSTRUCTION" missed="3" covered="0"/><counter type="LINE" missed="1" covered="0"/><counter type="COMPLEXITY" missed="1" covered="0"/><counter type="METHOD" missed="1" covered="0"/></method><method name="setUploadDate" desc="(Ljava/time/LocalDate;)V" line="44"><counter type="INSTRUCTION" missed="0" covered="4"/><counter type="LINE" missed="0" covered="1"/><counter type="COMPLEXITY" missed="0" covered="1"/><counter type="METHOD" missed="0" covered="1"/></method><method name="getFolder" desc="()Lcom/mybank/model/Folder;" line="46"><counter type="INSTRUCTION" missed="3" covered="0"/><counter type="LINE" missed="1" covered="0"/><counter type="COMPLEXITY" missed="1" covered="0"/><counter type="METHOD" missed="1" covered="0"/></method><method name="setFolder" desc="(Lcom/mybank/model/Folder;)V" line="47"><counter type="INSTRUCTION" missed="0" covered="4"/><counter type="LINE" missed="0" covered="1"/><counter type="COMPLEXITY" missed="0" covered="1"/><counter type="METHOD" missed="0" covered="1"/></method><counter type="INSTRUCTION" missed="12" covered="25"/><counter type="LINE" missed="4" covered="8"/><counter type="COMPLEXITY" missed="4" covered="6"/><counter type="METHOD" missed="4" covered="6"/><counter type="CLASS" missed="0" covered="1"/></class><class name="com/mybank/model/Department" sourcefilename="Department.java"><method name="&lt;clinit&gt;" desc="()V" line="3"><counter type="INSTRUCTION" missed="0" covered="27"/><counter type="LINE" missed="0" covered="2"/><counter type="COMPLEXITY" missed="0" covered="1"/><counter type="METHOD" missed="0" covered="1"/></method><counter type="INSTRUCTION" missed="0" covered="27"/><counter type="LINE" missed="0" covered="2"/><counter type="COMPLEXITY" missed="0" covered="1"/><counter type="METHOD" missed="0" covered="1"/><counter type="CLASS" missed="0" covered="1"/></class><class name="com/mybank/model/Niveau" sourcefilename="Niveau.java"><method name="&lt;clinit&gt;" desc="()V" line="3"><counter type="INSTRUCTION" missed="0" covered="21"/><counter type="LINE" missed="0" covered="2"/><counter type="COMPLEXITY" missed="0" covered="1"/><counter type="METHOD" missed="0" c
[...]
"0" cb="0"/><line nr="592" mi="4" ci="0" mb="0" cb="0"/><line nr="593" mi="5" ci="0" mb="0" cb="0"/><line nr="596" mi="4" ci="0" mb="0" cb="0"/><line nr="597" mi="3" ci="0" mb="0" cb="0"/><line nr="598" mi="6" ci="0" mb="0" cb="0"/><line nr="599" mi="2" ci="0" mb="0" cb="0"/><line nr="600" mi="4" ci="0" mb="0" cb="0"/><line nr="602" mi="3" ci="0" mb="0" cb="0"/><line nr="603" mi="3" ci="0" mb="0" cb="0"/><line nr="604" mi="6" ci="0" mb="0" cb="0"/><line nr="605" mi="1" ci="0" mb="0" cb="0"/><line nr="611" mi="0" ci="4" mb="0" cb="0"/><line nr="612" mi="1" ci="5" mb="2" cb="2"/><line nr="614" mi="0" ci="6" mb="0" cb="0"/><line nr="615" mi="0" ci="2" mb="1" cb="1"/><line nr="616" mi="3" ci="0" mb="0" cb="0"/><line nr="617" mi="1" ci="0" mb="0" cb="0"/><line nr="621" mi="0" ci="10" mb="0" cb="0"/><line nr="622" mi="0" ci="4" mb="0" cb="0"/><line nr="623" mi="0" ci="3" mb="0" cb="0"/><line nr="624" mi="0" ci="9" mb="0" cb="0"/><line nr="625" mi="0" ci="3" mb="0" cb="0"/><line nr="626" mi="0" ci="4" mb="0" cb="0"/><line nr="629" mi="0" ci="4" mb="0" cb="0"/><line nr="630" mi="0" ci="5" mb="0" cb="0"/><line nr="633" mi="0" ci="4" mb="0" cb="0"/><line nr="634" mi="0" ci="3" mb="0" cb="0"/><line nr="635" mi="0" ci="8" mb="0" cb="0"/><line nr="636" mi="0" ci="4" mb="0" cb="0"/><line nr="638" mi="0" ci="3" mb="0" cb="0"/><line nr="639" mi="0" ci="5" mb="0" cb="0"/><line nr="640" mi="0" ci="7" mb="0" cb="0"/><line nr="641" mi="0" ci="1" mb="0" cb="0"/><line nr="644" mi="4" ci="0" mb="0" cb="0"/><line nr="645" mi="6" ci="0" mb="4" cb="0"/><line nr="646" mi="6" ci="0" mb="0" cb="0"/><line nr="647" mi="5" ci="0" mb="0" cb="0"/><line nr="649" mi="1" ci="0" mb="0" cb="0"/><line nr="653" mi="1" ci="3" mb="1" cb="1"/><line nr="655" mi="0" ci="4" mb="0" cb="0"/><line nr="656" mi="0" ci="4" mb="0" cb="0"/><line nr="658" mi="0" ci="14" mb="0" cb="0"/><line nr="660" mi="0" ci="4" mb="0" cb="0"/><line nr="662" mi="0" ci="4" mb="0" cb="0"/><line nr="663" mi="0" ci="5" mb="0" cb="0"/><line nr="666" mi="0" ci="4" mb="0" cb="0"/><line nr="667" mi="0" ci="3" mb="0" cb="0"/><line nr="668" mi="0" ci="8" mb="0" cb="0"/><line nr="669" mi="0" ci="4" mb="0" cb="0"/><line nr="671" mi="0" ci="3" mb="0" cb="0"/><line nr="672" mi="0" ci="3" mb="0" cb="0"/><line nr="673" mi="0" ci="1" mb="0" cb="0"/><line nr="677" mi="1" ci="3" mb="1" cb="1"/><line nr="679" mi="0" ci="4" mb="0" cb="0"/><line nr="680" mi="0" ci="4" mb="0" cb="0"/><line nr="682" mi="0" ci="14" mb="0" cb="0"/><line nr="684" mi="0" ci="4" mb="0" cb="0"/><line nr="686" mi="0" ci="4" mb="0" cb="0"/><line nr="687" mi="0" ci="5" mb="0" cb="0"/><line nr="690" mi="0" ci="4" mb="0" cb="0"/><line nr="691" mi="0" ci="3" mb="0" cb="0"/><line nr="692" mi="0" ci="8" mb="0" cb="0"/><line nr="693" mi="0" ci="4" mb="0" cb="0"/><line nr="695" mi="0" ci="3" mb="0" cb="0"/><line nr="696" mi="0" ci="3" mb="0" cb="0"/><line nr="697" mi="0" ci="1" mb="0" cb="0"/><line nr="701" mi="1" ci="3" mb="1" cb="1"/><line nr="703" mi="0" ci="4" mb="0" cb="0"/><line nr="704" mi="0" ci="4" mb="0" cb="0"/><line nr="707" mi="0" ci="14" mb="0" cb="0"/><line nr="709" mi="0" ci="4" mb="0" cb="0"/><line nr="712" mi="0" ci="4" mb="0" cb="0"/><line nr="713" mi="0" ci="5" mb="0" cb="0"/><line nr="716" mi="0" ci="4" mb="0" cb="0"/><line nr="717" mi="0" ci="3" mb="0" cb="0"/><line nr="718" mi="0" ci="8" mb="0" cb="0"/><line nr="719" mi="0" ci="4" mb="0" cb="0"/><line nr="721" mi="0" ci="3" mb="0" cb="0"/><line nr="722" mi="0" ci="3" mb="0" cb="0"/><line nr="723" mi="0" ci="1" mb="0" cb="0"/><line nr="726" mi="4" ci="0" mb="2" cb="0"/><line nr="728" mi="4" ci="0" mb="0" cb="0"/><line nr="729" mi="4" ci="0" mb="0" cb="0"/><line nr="732" mi="14" ci="0" mb="0" cb="0"/><line nr="734" mi="4" ci="0" mb="0" cb="0"/><line nr="737" mi="4" ci="0" mb="0" cb="0"/><line nr="738" mi="5" ci="0" mb="0" cb="0"/><line nr="741" mi="4" ci="0" mb="0" cb="0"/><line nr="742" mi="3" ci="0" mb="0" cb="0"/><line nr="743" mi="8" ci="0" mb="0" cb="0"/><line nr="744" mi="4" ci="0" mb="0" cb="0"/><line nr="746" mi="3" ci="0" mb="0" cb="0"/><line nr="747" mi="3" ci="0" mb="0" cb="0"/><line nr="748" mi="1" ci="0" mb="0" cb="0"/><line nr="751" mi="4" ci="0" mb="2" cb="0"/><line nr="753" mi="4" ci="0" mb="0" cb="0"/><line nr="754" mi="4" ci="0" mb="0" cb="0"/><line nr="757" mi="14" ci="0" mb="0" cb="0"/><line nr="759" mi="4" ci="0" mb="0" cb="0"/><line nr="762" mi="4" ci="0" mb="0" cb="0"/><line nr="763" mi="5" ci="0" mb="0" cb="0"/><line nr="766" mi="4" ci="0" mb="0" cb="0"/><line nr="767" mi="3" ci="0" mb="0" cb="0"/><line nr="768" mi="8" ci="0" mb="0" cb="0"/><line nr="769" mi="4" ci="0" mb="0" cb="0"/><line nr="771" mi="3" ci="0" mb="0" cb="0"/><line nr="772" mi="3" ci="0" mb="0" cb="0"/><line nr="774" mi="1" ci="0" mb="0" cb="0"/><line nr="777" mi="4" ci="0" mb="0" cb="0"/><line nr="780" mi="4" ci="0" mb="0" cb="0"/><line nr="781" mi="2" ci="0" mb="2" cb="0"/><line nr="782" mi="9" ci="0" mb="0" cb="0"/><line nr="784" mi="1" ci="0" mb="0" cb="0"/><line nr="788" mi="4" ci="0" mb="0" cb="0"/><line nr="789" mi="4" ci="0" mb="0" cb="0"/><line nr="790" mi="3" ci="0" mb="0" cb="0"/><line nr="791" mi="9" ci="0" mb="0" cb="0"/><line nr="792" mi="3" ci="0" mb="0" cb="0"/><line nr="793" mi="4" ci="0" mb="0" cb="0"/><line nr="796" mi="4" ci="0" mb="0" cb="0"/><line nr="797" mi="5" ci="0" mb="0" cb="0"/><line nr="800" mi="4" ci="0" mb="0" cb="0"/><line nr="801" mi="3" ci="0" mb="0" cb="0"/><line nr="802" mi="8" ci="0" mb="0" cb="0"/><line nr="803" mi="4" ci="0" mb="0" cb="0"/><line nr="805" mi="3" ci="0" mb="0" cb="0"/><line nr="806" mi="5" ci="0" mb="0" cb="0"/><line nr="807" mi="10" ci="0" mb="0" cb="0"/><line nr="808" mi="1" ci="0" mb="0" cb="0"/><line nr="810" mi="4" ci="0" mb="0" cb="0"/><line nr="813" mi="4" ci="0" mb="0" cb="0"/><line nr="814" mi="2" ci="0" mb="2" cb="0"/><line nr="815" mi="9" ci="0" mb="0" cb="0"/><line nr="817" mi="1" ci="0" mb="0" cb="0"/><line nr="821" mi="4" ci="0" mb="0" cb="0"/><line nr="822" mi="4" ci="0" mb="0" cb="0"/><line nr="823" mi="3" ci="0" mb="0" cb="0"/><line nr="824" mi="9" ci="0" mb="0" cb="0"/><line nr="825" mi="3" ci="0" mb="0" cb="0"/><line nr="826" mi="4" ci="0" mb="0" cb="0"/><line nr="829" mi="4" ci="0" mb="0" cb="0"/><line nr="830" mi="5" ci="0" mb="0" cb="0"/><line nr="833" mi="4" ci="0" mb="0" cb="0"/><line nr="834" mi="3" ci="0" mb="0" cb="0"/><line nr="835" mi="8" ci="0" mb="0" cb="0"/><line nr="836" mi="4" ci="0" mb="0" cb="0"/><line nr="838" mi="3" ci="0" mb="0" cb="0"/><line nr="839" mi="5" ci="0" mb="0" cb="0"/><line nr="840" mi="10" ci="0" mb="0" cb="0"/><line nr="841" mi="1" ci="0" mb="0" cb="0"/><line nr="845" mi="2" ci="3" mb="1" cb="1"/><line nr="847" mi="0" ci="8" mb="0" cb="0"/><line nr="848" mi="0" ci="2" mb="0" cb="0"/><line nr="849" mi="0" ci="3" mb="0" cb="0"/><line nr="853" mi="4" ci="0" mb="2" cb="0"/><line nr="855" mi="4" ci="0" mb="0" cb="0"/><line nr="856" mi="4" ci="0" mb="0" cb="0"/><line nr="858" mi="4" ci="0" mb="0" cb="0"/><line nr="859" mi="5" ci="0" mb="0" cb="0"/><line nr="861" mi="4" ci="0" mb="0" cb="0"/><line nr="862" mi="4" ci="0" mb="0" cb="0"/><line nr="863" mi="3" ci="0" mb="0" cb="0"/><line nr="864" mi="9" ci="0" mb="0" cb="0"/><line nr="865" mi="3" ci="0" mb="0" cb="0"/><line nr="866" mi="4" ci="0" mb="0" cb="0"/><line nr="869" mi="4" ci="0" mb="0" cb="0"/><line nr="870" mi="3" ci="0" mb="0" cb="0"/><line nr="871" mi="8" ci="0" mb="0" cb="0"/><line nr="872" mi="4" ci="0" mb="0" cb="0"/><line nr="874" mi="3" ci="0" mb="0" cb="0"/><line nr="875" mi="3" ci="0" mb="0" cb="0"/><line nr="876" mi="3" ci="0" mb="0" cb="0"/><line nr="877" mi="2" ci="0" mb="0" cb="0"/><line nr="878" mi="1" ci="0" mb="0" cb="0"/><line nr="882" mi="4" ci="0" mb="2" cb="0"/><line nr="884" mi="4" ci="0" mb="0" cb="0"/><line nr="885" mi="4" ci="0" mb="0" cb="0"/><line nr="887" mi="4" ci="0" mb="0" cb="0"/><line nr="888" mi="5" ci="0" mb="0" cb="0"/><line nr="890" mi="4" ci="0" mb="0" cb="0"/><line nr="891" mi="4" ci="0" mb="0" cb="0"/><line nr="892" mi="3" ci="0" mb="0" cb="0"/><line nr="893" mi="9" ci="0" mb="0" cb="0"/><line nr="895" mi="3" ci="0" mb="0" cb="0"/><line nr="896" mi="4" ci="0" mb="0" cb="0"/><line nr="899" mi="4" ci="0" mb="0" cb="0"/><line nr="900" mi="3" ci="0" mb="0" cb="0"/><line nr="901" mi="8" ci="0" mb="0" cb="0"/><line nr="902" mi="4" ci="0" mb="0" cb="0"/><line nr="904" mi="3" ci="0" mb="0" cb="0"/><line nr="905" mi="3" ci="0" mb="0" cb="0"/><line nr="906" mi="3" ci="0" mb="0" cb="0"/><line nr="907" mi="2" ci="0" mb="0" cb="0"/><line nr="908" mi="1" ci="0" mb="0" cb="0"/><line nr="911" mi="4" ci="0" mb="0" cb="0"/><line nr="912" mi="6" ci="0" mb="4" cb="0"/><line nr="915" mi="6" ci="0" mb="0" cb="0"/><line nr="916" mi="2" ci="0" mb="2" cb="0"/><line nr="917" mi="9" ci="0" mb="0" cb="0"/><line nr="919" mi="1" ci="0" mb="0" cb="0"/><line nr="923" mi="4" ci="0" mb="0" cb="0"/><line nr="926" mi="4" ci="0" mb="0" cb="0"/><line nr="927" mi="4" ci="0" mb="0" cb="0"/><line nr="928" mi="3" ci="0" mb="0" cb="0"/><line nr="929" mi="6" ci="0" mb="0" cb="0"/><line nr="930" mi="13" ci="0" mb="4" cb="0"/><line nr="931" mi="3" ci="0" mb="0" cb="0"/><line nr="932" mi="4" ci="0" mb="0" cb="0"/><line nr="935" mi="4" ci="0" mb="0" cb="0"/><line nr="936" mi="5" ci="0" mb="0" cb="0"/><line nr="939" mi="4" ci="0" mb="0" cb="0"/><line nr="940" mi="3" ci="0" mb="0" cb="0"/><line nr="941" mi="6" ci="0" mb="0" cb="0"/><line nr="942" mi="4" ci="0" mb="0" cb="0"/><line nr="944" mi="3" ci="0" mb="0" cb="0"/><line nr="945" mi="9" ci="0" mb="0" cb="0"/><line nr="947" mi="1" ci="0" mb="0" cb="0"/><line nr="950" mi="4" ci="0" mb="0" cb="0"/><line nr="951" mi="6" ci="0" mb="4" cb="0"/><line nr="954" mi="6" ci="0" mb="0" cb="0"/><line nr="955" mi="2" ci="0" mb="2" cb="0"/><line nr="956" mi="9" ci="0" mb="0" cb="0"/><line nr="958" mi="1" ci="0" mb="0" cb="0"/><line nr="961" mi="4" ci="0" mb="0" cb="0"/><line nr="964" mi="4" ci="0" mb="0" cb="0"/><line nr="965" mi="4" ci="0" mb="0" cb="0"/><line nr="966" mi="3" ci="0" mb="0" cb="0"/><line nr="967" mi="6" ci="0" mb="0" cb="0"/><line nr="968" mi="13" ci="0" mb="4" cb="0"/><line nr="969" mi="3" ci="0" mb="0" cb="0"/><line nr="970" mi="4" ci="0" mb="0" cb="0"/><line nr="973" mi="4" ci="0" mb="0" cb="0"/><line nr="974" mi="5" ci="0" mb="0" cb="0"/><line nr="977" mi="4" ci="0" mb="0" cb="0"/><line nr="978" mi="3" ci="0" mb="0" cb="0"/><line nr="979" mi="6" ci="0" mb="0" cb="0"/><line nr="980" mi="4" ci="0" mb="0" cb="0"/><line nr="982" mi="3" ci="0" mb="0" cb="0"/><line nr="983" mi="9" ci="0" mb="0" cb="0"/><line nr="986" mi="1" ci="0" mb="0" cb="0"/><line nr="989" mi="4" ci="0" mb="0" cb="0"/><line nr="990" mi="6" ci="0" mb="4" cb="0"/><line nr="993" mi="4" ci="0" mb="0" cb="0"/><line nr="994" mi="5" ci="0" mb="4" cb="0"/><line nr="995" mi="9" ci="0" mb="0" cb="0"/><line nr="997" mi="1" ci="0" mb="0" cb="0"/><line nr="1000" mi="3" ci="0" mb="0" cb="0"/><line nr="1001" mi="3" ci="0" mb="0" cb="0"/><line nr="1003" mi="2" ci="0" mb="2" cb="0"/><line nr="1004" mi="9" ci="0" mb="0" cb="0"/><line nr="1006" mi="1" ci="0" mb="0" cb="0"/><line nr="1010" mi="4" ci="0" mb="0" cb="0"/><line nr="1013" mi="4" ci="0" mb="0" cb="0"/><line nr="1014" mi="4" ci="0" mb="0" cb="0"/><line nr="1015" mi="3" ci="0" mb="0" cb="0"/><line nr="1016" mi="6" ci="0" mb="0" cb="0"/><line nr="1017" mi="13" ci="0" mb="4" cb="0"/><line nr="1018" mi="3" ci="0" mb="0" cb="0"/><line nr="1019" mi="4" ci="0" mb="0" cb="0"/><line nr="1022" mi="4" ci="0" mb="0" cb="0"/><line nr="1023" mi="5" ci="0" mb="0" cb="0"/><line nr="1026" mi="4" ci="0" mb="0" cb="0"/><line nr="1027" mi="3" ci="0" mb="0" cb="0"/><line nr="1028" mi="6" ci="0" mb="0" cb="0"/><line nr="1029" mi="4" ci="0" mb="0" cb="0"/><line nr="1031" mi="3" ci="0" mb="0" cb="0"/><line nr="1032" mi="9" ci="0" mb="0" cb="0"/><line nr="1034" mi="1" ci="0" mb="0" cb="0"/><line nr="1039" mi="3" ci="0" mb="2" cb="0"/><line nr="1040" mi="4" ci="0" mb="0" cb="0"/><line nr="1041" mi="6" ci="0" mb="4" cb="0"/><line nr="1042" mi="6" ci="0" mb="0" cb="0"/><line nr="1043" mi="3" ci="0" mb="0" cb="0"/><line nr="1044" mi="3" ci="0" mb="0" cb="0"/><line nr="1047" mi="1" ci="0" mb="0" cb="0"/><line nr="1052" mi="4" ci="0" mb="0" cb="0"/><line nr="1053" mi="6" ci="0" mb="4" cb="0"/><line nr="1054" mi="5" ci="0" mb="0" cb="0"/><line nr="1055" mi="3" ci="0" mb="0" cb="0"/><line nr="1056" mi="3" ci="0" mb="0" cb="0"/><line nr="1057" mi="3" ci="0" mb="0" cb="0"/><line nr="1059" mi="1" ci="0" mb="0" cb="0"/><line nr="1062" mi="4" ci="0" mb="2" cb="0"/><line nr="1064" mi="4" ci="0" mb="0" cb="0"/><line nr="1065" mi="4" ci="0" mb="0" cb="0"/><line nr="1067" mi="4" ci="0" mb="0" cb="0"/><line nr="1068" mi="4" ci="0" mb="0" cb="0"/><line nr="1069" mi="3" ci="0" mb="0" cb="0"/><line nr="1070" mi="3" ci="0" mb="0" cb="0"/><line nr="1072" mi="4" ci="0" mb="0" cb="0"/><line nr="1073" mi="3" ci="0" mb="0" cb="0"/><line nr="1075" mi="4" ci="0" mb="2" cb="0"/><line nr="1076" mi="4" ci="0" mb="0" cb="0"/><line nr="1077" mi="9" ci="0" mb="0" cb="0"/><line nr="1078" mi="10" ci="0" mb="0" cb="0"/><line nr="1079" mi="4" ci="0" mb="0" cb="0"/><line nr="1080" mi="4" ci="0" mb="2" cb="0"/><line nr="1081" mi="4" ci="0" mb="0" cb="0"/><line nr="1082" mi="9" ci="0" mb="0" cb="0"/><line nr="1083" mi="10" ci="0" mb="0" cb="0"/><line nr="1084" mi="4" ci="0" mb="0" cb="0"/><line nr="1086" mi="1" ci="0" mb="0" cb="0"/><line nr="1089" mi="4" ci="0" mb="0" cb="0"/><line nr="1090" mi="5" ci="0" mb="0" cb="0"/><line nr="1091" mi="4" ci="0" mb="0" cb="0"/><line nr="1093" mi="3" ci="0" mb="0" cb="0"/><line nr="1094" mi="4" ci="0" mb="0" cb="0"/><line nr="1095" mi="1" ci="0" mb="0" cb="0"/><line nr="1098" mi="4" ci="0" mb="2" cb="0"/><line nr="1100" mi="4" ci="0" mb="0" cb="0"/><line nr="1101" mi="4" ci="0" mb="0" cb="0"/><line nr="1103" mi="4" ci="0" mb="0" cb="0"/><line nr="1104" mi="4" ci="0" mb="0" cb="0"/><line nr="1105" mi="3" ci="0" mb="0" cb="0"/><line nr="1106" mi="3" ci="0" mb="0" cb="0"/><line nr="1108" mi="4" ci="0" mb="0" cb="0"/><line nr="1109" mi="3" ci="0" mb="0" cb="0"/><line nr="1111" mi="4" ci="0" mb="2" cb="0"/><line nr="1112" mi="4" ci="0" mb="0" cb="0"/><line nr="1113" mi="9" ci="0" mb="0" cb="0"/><line nr="1114" mi="10" ci="0" mb="0" cb="0"/><line nr="1115" mi="4" ci="0" mb="0" cb="0"/><line nr="1116" mi="4" ci="0" mb="2" cb="0"/><line nr="1117" mi="4" ci="0" mb="0" cb="0"/><line nr="1118" mi="9" ci="0" mb="0" cb="0"/><line nr="1119" mi="10" ci="0" mb="0" cb="0"/><line nr="1120" mi="4" ci="0" mb="0" cb="0"/><line nr="1122" mi="1" ci="0" mb="0" cb="0"/><line nr="1125" mi="4" ci="0" mb="0" cb="0"/><line nr="1126" mi="5" ci="0" mb="0" cb="0"/><line nr="1127" mi="4" ci="0" mb="0" cb="0"/><line nr="1129" mi="3" ci="0" mb="0" cb="0"/><line nr="1130" mi="4" ci="0" mb="0" cb="0"/><line nr="1131" mi="1" ci="0" mb="0" cb="0"/><line nr="1140" mi="3" ci="0" mb="0" cb="0"/><line nr="1144" mi="3" ci="0" mb="0" cb="0"/><line nr="1145" mi="1" ci="0" mb="0" cb="0"/><line nr="1148" mi="3" ci="0" mb="0" cb="0"/><line nr="1149" mi="4" ci="0" mb="0" cb="0"/><line nr="1151" mi="3" ci="0" mb="0" cb="0"/><line nr="1152" mi="4" ci="0" mb="0" cb="0"/><line nr="1154" mi="3" ci="0" mb="0" cb="0"/><line nr="1155" mi="4" ci="0" mb="0" cb="0"/><line nr="1157" mi="0" ci="3" mb="0" cb="0"/><line nr="1158" mi="4" ci="0" mb="0" cb="0"/><line nr="1160" mi="3" ci="0" mb="0" cb="0"/><line nr="1161" mi="4" ci="0" mb="0" cb="0"/><line nr="1163" mi="3" ci="0" mb="0" cb="0"/><line nr="1164" mi="0" ci="4" mb="0" cb="0"/><line nr="1166" mi="3" ci="0" mb="0" cb="0"/><line nr="1167" mi="0" ci="4" mb="0" cb="0"/><line nr="1169" mi="3" ci="0" mb="0" cb="0"/><line nr="1170" mi="4" ci="0" mb="0" cb="0"/><line nr="1172" mi="3" ci="0" mb="0" cb="0"/><line nr="1173" mi="4" ci="0" mb="0" cb="0"/><line nr="1175" mi="3" ci="0" mb="0" cb="0"/><line nr="1176" mi="4" ci="0" mb="0" cb="0"/><line nr="1178" mi="3" ci="0" mb="0" cb="0"/><line nr="1179" mi="4" ci="0" mb="0" cb="0"/><line nr="1181" mi="3" ci="0" mb="0" cb="0"/><line nr="1185" mi="3" ci="0" mb="0" cb="0"/><line nr="1186" mi="1" ci="0" mb="0" cb="0"/><line nr="1189" mi="3" ci="0" mb="2" cb="0"/><line nr="1190" mi="8" ci="0" mb="0" cb="0"/><line nr="1192" mi="3" ci="0" mb="0" cb="0"/><line nr="1195" mi="3" ci="0" mb="0" cb="0"/><line nr="1200" mi="3" ci="0" mb="0" cb="0"/><line nr="1204" mi="3" ci="0" mb="0" cb="0"/><line nr="1205" mi="1" ci="0" mb="0" cb="0"/><line nr="1207" mi="3" ci="0" mb="0" cb="0"/><line nr="1211" mi="3" ci="0" mb="0" cb="0"/><line nr="1212" mi="1" ci="0" mb="0" cb="0"/><counter type="INSTRUCTION" missed="2206" covered="541"/><counter type="BRANCH" missed="165" covered="16"/><counter type="LINE" missed="532" covered="139"/><counter type="COMPLEXITY" missed="156" covered="23"/><counter type="METHOD" missed="62" covered="23"/><counter type="CLASS" missed="0" covered="1"/></sourcefile><sourcefile name="AgencyDocumentController.java"><line nr="25" mi="0" ci="3" mb="0" cb="0"/><line nr="47" mi="0" ci="4" mb="0" cb="0"/><line nr="49" mi="0" ci="13" mb="3" cb="5"/><line nr="50" mi="0" ci="3" mb="0" cb="0"/><line nr="51" mi="0" ci="1" mb="0" cb="0"/><line nr="55" mi="0" ci="4" mb="0" cb="0"/><line nr="56" mi="0" ci="5" mb="0" cb="0"/><line nr="57" mi="0" ci="3" mb="0" cb="0"/><line nr="58" mi="0" ci="5" mb="0" cb="0"/><line nr="59" mi="0" ci="3" mb="0" cb="0"/><line nr="61" mi="0" ci="4" mb="0" cb="0"/><line nr="62" mi="0" ci="3" mb="0" cb="0"/><line nr="65" mi="0" ci="4" mb="0" cb="0"/><line nr="66" mi="0" ci="3" mb="0" cb="0"/><line nr="67" mi="0" ci="4" mb="0" cb="0"/><line nr="72" mi="0" ci="6" mb="1" cb="1"/><line nr="74" mi="0" ci="2" mb="0" cb="0"/><line nr="75" mi="0" ci="5" mb="0" cb="0"/><line nr="78" mi="2" ci="0" mb="0" cb="0"/><line nr="79" mi="3" ci="0" mb="0" cb="0"/><line nr="80" mi="3" ci="0" mb="0" cb="0"/><line nr="83" mi="0" ci="4" mb="0" cb="0"/><line nr="84" mi="0" ci="3" mb="0" cb="0"/><line nr="85" mi="0" ci="3" mb="0" cb="0"/><line nr="86" mi="0" ci="4" mb="0" cb="0"/><line nr="89" mi="0" ci="3" mb="0" cb="0"/><line nr="90" mi="0" ci="3" mb="0" cb="0"/><line nr="92" mi="1" ci="0" mb="0" cb="0"/><line nr="93" mi="3" ci="0" mb="0" cb="0"/><line nr="94" mi="2" ci="0" mb="0" cb="0"/><line nr="95" mi="0" ci="1" mb="0" cb="0"/><line nr="96" mi="0" ci="1" mb="0" cb="0"/><line nr="100" mi="0" ci="3" mb="0" cb="0"/><line nr="101" mi="0" ci="3" mb="0" cb="0"/><line nr="102" mi="0" ci="3" mb="0" cb="0"/><line nr="103" mi="6" ci="1" mb="0" cb="0"/><line nr="104" mi="0" ci="1" mb="0" cb="0"/><line nr="110" mi="0" ci="4" mb="0" cb="0"/><line nr="111" mi="0" ci="2" mb="0" cb="2"/><line nr="112" mi="0" ci="5" mb="0" cb="0"/><line nr="114" mi="0" ci="2" mb="0" cb="0"/><line nr="119" mi="3" ci="0" mb="0" cb="0"/><line nr="123" mi="0" ci="3" mb="0" cb="0"/><line nr="124" mi="0" ci="1" mb="0" cb="0"/><line nr="127" mi="3" ci="0" mb="0" cb="0"/><line nr="131" mi="0" ci="3" mb="0" cb="0"/><line nr="132" mi="0" ci="1" mb="0" cb="0"/><line nr="135" mi="0" ci="3" mb="0" cb="0"/><line nr="139" mi="3" ci="0" mb="0" cb="0"/><line nr="140" mi="1" ci="0" mb="0" cb="0"/><counter type="INSTRUCTION" missed="30" covered="132"/><counter type="BRANCH" missed="4" covered="8"/><counter type="LINE" missed="10" covered="40"/><counter type="COMPLEXITY" missed="8" covered="9"/><counter type="METHOD" missed="4" covered="7"/><counter type="CLASS" missed="0" covered="1"/></sourcefile><counter type="INSTRUCTION" missed="2914" covered="1343"/><counter type="BRANCH" missed="258" covered="68"/><counter type="LINE" missed="728" covered="356"/><counter type="COMPLEXITY" missed="278" covered="101"/><counter type="METHOD" missed="128" covered="81"/><counter type="CLASS" missed="1" covered="8"/></package><counter type="INSTRUCTION" missed="3690" covered="2534"/><counter type="BRANCH" missed="281" covered="79"/><counter type="LINE" missed="959" covered="649"/><counter type="COMPLEXITY" missed="402" covered="242"/><counter type="METHOD" missed="239" covered="218"/><counter type="CLASS" missed="1" covered="30"/></report>